#
# There is insufficient memory for the Java Runtime Environment to continue.
# Native memory allocation (malloc) failed to allocate 32744 bytes for ChunkPool::allocate
# Possible reasons:
#   The system is out of physical RAM or swap space
#   The process is running with CompressedOops enabled, and the Java Heap may be blocking the growth of the native heap
# Possible solutions:
#   Reduce memory load on the system
#   Increase physical memory or swap space
#   Check if swap backing store is full
#   Decrease Java heap size (-Xmx/-Xms)
#   Decrease number of Java threads
#   Decrease Java thread stack sizes (-Xss)
#   Set larger code cache with -XX:ReservedCodeCacheSize=
#   JVM is running with Unscaled Compressed Oops mode in which the Java heap is
#     placed in the first 4GB address space. The Java Heap base address is the
#     maximum limit for the native heap growth. Please use -XX:HeapBaseMinAddress
#     to set the Java Heap base and to place the Java Heap above 4GB virtual address.
# This output file may be truncated or incomplete.
#
#  Out of Memory Error (arena.cpp:78), pid=13668, tid=32580
#
# JRE version: OpenJDK Runtime Environment Zulu17.32+13-CA (17.0.2+8) (build 17.0.2+8-LTS)
# Java VM: OpenJDK 64-Bit Server VM Zulu17.32+13-CA (17.0.2+8-LTS, mixed mode, sharing, tiered, compressed oops, compressed class ptrs, g1 gc, windows-amd64)
# No core dump will be written. Minidumps are not enabled by default on client versions of Windows
#

---------------  S U M M A R Y ------------

Command Line: -Dfile.encoding=UTF-8 -XX:+ShowCodeDetailsInExceptionMessages firstcode.practiceexercise

Host: AMD Ryzen 5 PRO 3500U w/ Radeon Vega Mobile Gfx, 8 cores, 5G,  Windows 11 , 64 bit Build 22000 (10.0.22000.2600)
Time: Mon Nov 27 18:18:47 2023 India Standard Time elapsed time: 8.544693 seconds (0d 0h 0m 8s)

---------------  T H R E A D  ---------------

Current thread (0x000002209f36c700):  JavaThread "C2 CompilerThread0" daemon [_thread_in_native, id=32580, stack(0x0000004b2e400000,0x0000004b2e500000)]


Current CompileTask:
C2:   8544 1615       4       java.lang.invoke.MethodType::makeImpl (109 bytes)

Stack: [0x0000004b2e400000,0x0000004b2e500000]
Native frames: (J=compiled Java code, j=interpreted, Vv=VM code, C=native code)
V  [jvm.dll+0x6769fa]
V  [jvm.dll+0x831784]
V  [jvm.dll+0x832f2e]
V  [jvm.dll+0x833593]
V  [jvm.dll+0x2455e5]
V  [jvm.dll+0xac160]
V  [jvm.dll+0xac4ac]
V  [jvm.dll+0x652798]
V  [jvm.dll+0x6522be]
V  [jvm.dll+0x35fd07]
V  [jvm.dll+0x3607d0]
V  [jvm.dll+0x2d15b9]
V  [jvm.dll+0x63c131]
V  [jvm.dll+0x1115fc]
V  [jvm.dll+0x33d996]
V  [jvm.dll+0x692496]
V  [jvm.dll+0x6917e2]
V  [jvm.dll+0x68ccc8]
V  [jvm.dll+0x686dbb]
V  [jvm.dll+0x6863f7]
V  [jvm.dll+0x6842f2]
V  [jvm.dll+0x1a6f9c]
V  [jvm.dll+0x1a7b66]
V  [jvm.dll+0x2ab9c4]
V  [jvm.dll+0x68edbb]
V  [jvm.dll+0x686dbb]
V  [jvm.dll+0x6863f7]
V  [jvm.dll+0x6842f2]
V  [jvm.dll+0x1a6f9c]
V  [jvm.dll+0x1a7b66]
V  [jvm.dll+0x2ab9c4]
V  [jvm.dll+0x68edbb]
V  [jvm.dll+0x686dbb]
V  [jvm.dll+0x6863f7]
V  [jvm.dll+0x6842f2]
V  [jvm.dll+0x1a6f9c]
V  [jvm.dll+0x1a7b66]
V  [jvm.dll+0x2ab9c4]
V  [jvm.dll+0x68edbb]
V  [jvm.dll+0x686dbb]
V  [jvm.dll+0x6863f7]
V  [jvm.dll+0x6842f2]
V  [jvm.dll+0x1a6f9c]
V  [jvm.dll+0x1a7b66]
V  [jvm.dll+0x2ab9c4]
V  [jvm.dll+0x68edbb]
V  [jvm.dll+0x686dbb]
V  [jvm.dll+0x6863f7]
V  [jvm.dll+0x6842f2]
V  [jvm.dll+0x1a6f9c]
V  [jvm.dll+0x217518]
V  [jvm.dll+0x1a3e2d]
V  [jvm.dll+0x2272d8]
V  [jvm.dll+0x22542c]
V  [jvm.dll+0x7e701c]
V  [jvm.dll+0x7e15ca]
V  [jvm.dll+0x675885]
C  [ucrtbase.dll+0x26c0c]
C  [KERNEL32.DLL+0x153e0]
C  [ntdll.dll+0x485b]


---------------  P R O C E S S  ---------------

Threads class SMR info:
_java_thread_list=0x00000220a0b895c0, length=26, elements={
0x0000022082306100, 0x000002209f34b810, 0x000002209f34ca50, 0x000002209f362fc0,
0x000002209f363980, 0x000002209f366340, 0x000002209f366cf0, 0x000002209f36c700,
0x000002209f377570, 0x000002209f396e60, 0x00000220a008d8b0, 0x00000220a00a2800,
0x00000220a0803b10, 0x00000220a0914fa0, 0x00000220a0996270, 0x00000220a0996740,
0x00000220a0997a40, 0x00000220a09a7580, 0x00000220a09abab0, 0x00000220a0a2f8d0,
0x00000220a0a30c10, 0x00000220a0a315b0, 0x00000220a0a2f400, 0x00000220a0a2e590,
0x00000220a0a2e0c0, 0x00000220a0a2ea60
}

Java Threads: ( => current thread )
  0x0000022082306100 JavaThread "Forwarding get on session 6dbfaaefbac6950b1314c1e69337a248 to remote" [_thread_blocked, id=23404, stack(0x0000004b2d700000,0x0000004b2d800000)]
  0x000002209f34b810 JavaThread "Reference Handler" daemon [_thread_blocked, id=27888, stack(0x0000004b2de00000,0x0000004b2df00000)]
  0x000002209f34ca50 JavaThread "Finalizer" daemon [_thread_blocked, id=4136, stack(0x0000004b2df00000,0x0000004b2e000000)]
  0x000002209f362fc0 JavaThread "Signal Dispatcher" daemon [_thread_blocked, id=13812, stack(0x0000004b2e000000,0x0000004b2e100000)]
  0x000002209f363980 JavaThread "Attach Listener" daemon [_thread_blocked, id=9304, stack(0x0000004b2e100000,0x0000004b2e200000)]
  0x000002209f366340 JavaThread "Service Thread" daemon [_thread_blocked, id=4996, stack(0x0000004b2e200000,0x0000004b2e300000)]
  0x000002209f366cf0 JavaThread "Monitor Deflation Thread" daemon [_thread_blocked, id=14584, stack(0x0000004b2e300000,0x0000004b2e400000)]
=>0x000002209f36c700 JavaThread "C2 CompilerThread0" daemon [_thread_in_native, id=32580, stack(0x0000004b2e400000,0x0000004b2e500000)]
  0x000002209f377570 JavaThread "C1 CompilerThread0" daemon [_thread_blocked, id=20168, stack(0x0000004b2e500000,0x0000004b2e600000)]
  0x000002209f396e60 JavaThread "Sweeper thread" daemon [_thread_blocked, id=22536, stack(0x0000004b2e600000,0x0000004b2e700000)]
  0x00000220a008d8b0 JavaThread "Notification Thread" daemon [_thread_blocked, id=32628, stack(0x0000004b2e700000,0x0000004b2e800000)]
  0x00000220a00a2800 JavaThread "Common-Cleaner" daemon [_thread_blocked, id=15668, stack(0x0000004b2e900000,0x0000004b2ea00000)]
  0x00000220a0803b10 JavaThread "ForkJoinPool.commonPool-worker-1" daemon [_thread_blocked, id=29568, stack(0x0000004b2eb00000,0x0000004b2ec00000)]
  0x00000220a0914fa0 JavaThread "HttpClient-1-SelectorManager" daemon [_thread_in_native, id=33708, stack(0x0000004b2ec00000,0x0000004b2ed00000)]
  0x00000220a0996270 JavaThread "Thread-2" [_thread_in_native, id=15456, stack(0x0000004b2ed00000,0x0000004b2ee00000)]
  0x00000220a0996740 JavaThread "Driver Service Executor" daemon [_thread_blocked, id=25504, stack(0x0000004b2ee00000,0x0000004b2ef00000)]
  0x00000220a0997a40 JavaThread "Driver Service Executor" daemon [_thread_in_native, id=24360, stack(0x0000004b2ef00000,0x0000004b2f000000)]
  0x00000220a09a7580 JavaThread "UrlChecker-2" daemon [_thread_blocked, id=20124, stack(0x0000004b2f000000,0x0000004b2f100000)]
  0x00000220a09abab0 JavaThread "Keep-Alive-Timer" daemon [_thread_blocked, id=10524, stack(0x0000004b2f200000,0x0000004b2f300000)]
  0x00000220a0a2f8d0 JavaThread "pool-1-thread-1" [_thread_blocked, id=30252, stack(0x0000004b2fb00000,0x0000004b2fc00000)]
  0x00000220a0a30c10 JavaThread "pool-1-thread-2" [_thread_blocked, id=18516, stack(0x0000004b2fc00000,0x0000004b2fd00000)]
  0x00000220a0a315b0 JavaThread "HttpClient-2-SelectorManager" daemon [_thread_in_native, id=20664, stack(0x0000004b2fd00000,0x0000004b2fe00000)]
  0x00000220a0a2f400 JavaThread "pool-2-thread-1" [_thread_blocked, id=31728, stack(0x0000004b2fe00000,0x0000004b2ff00000)]
  0x00000220a0a2e590 JavaThread "pool-2-thread-2" [_thread_blocked, id=26360, stack(0x0000004b2ff00000,0x0000004b30000000)]
  0x00000220a0a2e0c0 JavaThread "pool-2-thread-3" [_thread_blocked, id=5564, stack(0x0000004b30000000,0x0000004b30100000)]
  0x00000220a0a2ea60 JavaThread "pool-1-thread-3" [_thread_blocked, id=22156, stack(0x0000004b30100000,0x0000004b30200000)]

Other Threads:
  0x000002209f346c90 VMThread "VM Thread" [stack: 0x0000004b2dd00000,0x0000004b2de00000] [id=26628]
  0x00000220a0091da0 WatcherThread [stack: 0x0000004b2e800000,0x0000004b2e900000] [id=27788]
  0x000002208233c7c0 GCTaskThread "GC Thread#0" [stack: 0x0000004b2d800000,0x0000004b2d900000] [id=3816]
  0x00000220a09b40a0 GCTaskThread "GC Thread#1" [stack: 0x0000004b2f300000,0x0000004b2f400000] [id=13024]
  0x00000220a09c2df0 GCTaskThread "GC Thread#2" [stack: 0x0000004b2f400000,0x0000004b2f500000] [id=17756]
  0x00000220a09c34b0 GCTaskThread "GC Thread#3" [stack: 0x0000004b2f500000,0x0000004b2f600000] [id=9064]
  0x00000220a09f8a70 GCTaskThread "GC Thread#4" [stack: 0x0000004b2f600000,0x0000004b2f700000] [id=22640]
  0x00000220a09f8d20 GCTaskThread "GC Thread#5" [stack: 0x0000004b2f700000,0x0000004b2f800000] [id=32472]
  0x00000220a09f9bf0 GCTaskThread "GC Thread#6" [stack: 0x0000004b2f800000,0x0000004b2f900000] [id=24388]
  0x00000220a09fa6b0 GCTaskThread "GC Thread#7" [stack: 0x0000004b2f900000,0x0000004b2fa00000] [id=28844]
  0x0000022082349500 ConcurrentGCThread "G1 Main Marker" [stack: 0x0000004b2d900000,0x0000004b2da00000] [id=13644]
  0x0000022082349f10 ConcurrentGCThread "G1 Conc#0" [stack: 0x0000004b2da00000,0x0000004b2db00000] [id=12864]
  0x00000220823bde30 ConcurrentGCThread "G1 Refine#0" [stack: 0x0000004b2db00000,0x0000004b2dc00000] [id=14616]
  0x00000220a09c3760 ConcurrentGCThread "G1 Refine#1" [stack: 0x0000004b2fa00000,0x0000004b2fb00000] [id=25748]
  0x00000220823be850 ConcurrentGCThread "G1 Service" [stack: 0x0000004b2dc00000,0x0000004b2dd00000] [id=27348]

Threads with active compile tasks:
C2 CompilerThread0     8888 1615       4       java.lang.invoke.MethodType::makeImpl (109 bytes)

VM state: not at safepoint (normal execution)

VM Mutex/Monitor currently owned by a thread: None

Heap address: 0x00000000a1000000, size: 1520 MB, Compressed Oops mode: 32-bit

CDS archive(s) mapped at: [0x0000000800000000-0x0000000800bc0000-0x0000000800bc0000), size 12320768, SharedBaseAddress: 0x0000000800000000, ArchiveRelocationMode: 0.
Compressed class space mapped at: 0x0000000800c00000-0x0000000840c00000, reserved size: 1073741824
Narrow klass base: 0x0000000800000000, Narrow klass shift: 0, Narrow klass range: 0x100000000

GC Precious Log:
 CPUs: 8 total, 8 available
 Memory: 6077M
 Large Page Support: Disabled
 NUMA Support: Disabled
 Compressed Oops: Enabled (32-bit)
 Heap Region Size: 1M
 Heap Min Capacity: 8M
 Heap Initial Capacity: 96M
 Heap Max Capacity: 1520M
 Pre-touch: Disabled
 Parallel Workers: 8
 Concurrent Workers: 2
 Concurrent Refinement Workers: 8
 Periodic GC: Disabled

Heap:
 garbage-first heap   total 98304K, used 19592K [0x00000000a1000000, 0x0000000100000000)
  region size 1024K, 18 young (18432K), 3 survivors (3072K)
 Metaspace       used 12751K, committed 13056K, reserved 1064960K
  class space    used 1573K, committed 1728K, reserved 1048576K

Heap Regions: E=young(eden), S=young(survivor), O=old, HS=humongous(starts), HC=humongous(continues), CS=collection set, F=free, OA=open archive, CA=closed archive, TAMS=top-at-mark-start (previous, next)
|   0|0x00000000a1000000, 0x00000000a1100000, 0x00000000a1100000|100%| O|  |TAMS 0x00000000a1000000, 0x00000000a1000000| Untracked 
|   1|0x00000000a1100000, 0x00000000a1200000, 0x00000000a1200000|100%| O|  |TAMS 0x00000000a1100000, 0x00000000a1100000| Untracked 
|   2|0x00000000a1200000, 0x00000000a1222200, 0x00000000a1300000| 13%| O|  |TAMS 0x00000000a1200000, 0x00000000a1200000| Untracked 
|   3|0x00000000a1300000, 0x00000000a1300000, 0x00000000a1400000|  0%| F|  |TAMS 0x00000000a1300000, 0x00000000a1300000| Untracked 
|   4|0x00000000a1400000, 0x00000000a1400000, 0x00000000a1500000|  0%| F|  |TAMS 0x00000000a1400000, 0x00000000a1400000| Untracked 
|   5|0x00000000a1500000, 0x00000000a1500000, 0x00000000a1600000|  0%| F|  |TAMS 0x00000000a1500000, 0x00000000a1500000| Untracked 
|   6|0x00000000a1600000, 0x00000000a1600000, 0x00000000a1700000|  0%| F|  |TAMS 0x00000000a1600000, 0x00000000a1600000| Untracked 
|   7|0x00000000a1700000, 0x00000000a1700000, 0x00000000a1800000|  0%| F|  |TAMS 0x00000000a1700000, 0x00000000a1700000| Untracked 
|   8|0x00000000a1800000, 0x00000000a1800000, 0x00000000a1900000|  0%| F|  |TAMS 0x00000000a1800000, 0x00000000a1800000| Untracked 
|   9|0x00000000a1900000, 0x00000000a1900000, 0x00000000a1a00000|  0%| F|  |TAMS 0x00000000a1900000, 0x00000000a1900000| Untracked 
|  10|0x00000000a1a00000, 0x00000000a1a00000, 0x00000000a1b00000|  0%| F|  |TAMS 0x00000000a1a00000, 0x00000000a1a00000| Untracked 
|  11|0x00000000a1b00000, 0x00000000a1b00000, 0x00000000a1c00000|  0%| F|  |TAMS 0x00000000a1b00000, 0x00000000a1b00000| Untracked 
|  12|0x00000000a1c00000, 0x00000000a1c00000, 0x00000000a1d00000|  0%| F|  |TAMS 0x00000000a1c00000, 0x00000000a1c00000| Untracked 
|  13|0x00000000a1d00000, 0x00000000a1d00000, 0x00000000a1e00000|  0%| F|  |TAMS 0x00000000a1d00000, 0x00000000a1d00000| Untracked 
|  14|0x00000000a1e00000, 0x00000000a1e00000, 0x00000000a1f00000|  0%| F|  |TAMS 0x00000000a1e00000, 0x00000000a1e00000| Untracked 
|  15|0x00000000a1f00000, 0x00000000a1f00000, 0x00000000a2000000|  0%| F|  |TAMS 0x00000000a1f00000, 0x00000000a1f00000| Untracked 
|  16|0x00000000a2000000, 0x00000000a2000000, 0x00000000a2100000|  0%| F|  |TAMS 0x00000000a2000000, 0x00000000a2000000| Untracked 
|  17|0x00000000a2100000, 0x00000000a2100000, 0x00000000a2200000|  0%| F|  |TAMS 0x00000000a2100000, 0x00000000a2100000| Untracked 
|  18|0x00000000a2200000, 0x00000000a2200000, 0x00000000a2300000|  0%| F|  |TAMS 0x00000000a2200000, 0x00000000a2200000| Untracked 
|  19|0x00000000a2300000, 0x00000000a2300000, 0x00000000a2400000|  0%| F|  |TAMS 0x00000000a2300000, 0x00000000a2300000| Untracked 
|  20|0x00000000a2400000, 0x00000000a2400000, 0x00000000a2500000|  0%| F|  |TAMS 0x00000000a2400000, 0x00000000a2400000| Untracked 
|  21|0x00000000a2500000, 0x00000000a2500000, 0x00000000a2600000|  0%| F|  |TAMS 0x00000000a2500000, 0x00000000a2500000| Untracked 
|  22|0x00000000a2600000, 0x00000000a2600000, 0x00000000a2700000|  0%| F|  |TAMS 0x00000000a2600000, 0x00000000a2600000| Untracked 
|  23|0x00000000a2700000, 0x00000000a2700000, 0x00000000a2800000|  0%| F|  |TAMS 0x00000000a2700000, 0x00000000a2700000| Untracked 
|  24|0x00000000a2800000, 0x00000000a2800000, 0x00000000a2900000|  0%| F|  |TAMS 0x00000000a2800000, 0x00000000a2800000| Untracked 
|  25|0x00000000a2900000, 0x00000000a2900000, 0x00000000a2a00000|  0%| F|  |TAMS 0x00000000a2900000, 0x00000000a2900000| Untracked 
|  26|0x00000000a2a00000, 0x00000000a2a00000, 0x00000000a2b00000|  0%| F|  |TAMS 0x00000000a2a00000, 0x00000000a2a00000| Untracked 
|  27|0x00000000a2b00000, 0x00000000a2b00000, 0x00000000a2c00000|  0%| F|  |TAMS 0x00000000a2b00000, 0x00000000a2b00000| Untracked 
|  28|0x00000000a2c00000, 0x00000000a2c00000, 0x00000000a2d00000|  0%| F|  |TAMS 0x00000000a2c00000, 0x00000000a2c00000| Untracked 
|  29|0x00000000a2d00000, 0x00000000a2d00000, 0x00000000a2e00000|  0%| F|  |TAMS 0x00000000a2d00000, 0x00000000a2d00000| Untracked 
|  30|0x00000000a2e00000, 0x00000000a2e00000, 0x00000000a2f00000|  0%| F|  |TAMS 0x00000000a2e00000, 0x00000000a2e00000| Untracked 
|  31|0x00000000a2f00000, 0x00000000a2f00000, 0x00000000a3000000|  0%| F|  |TAMS 0x00000000a2f00000, 0x00000000a2f00000| Untracked 
|  32|0x00000000a3000000, 0x00000000a3000000, 0x00000000a3100000|  0%| F|  |TAMS 0x00000000a3000000, 0x00000000a3000000| Untracked 
|  33|0x00000000a3100000, 0x00000000a3100000, 0x00000000a3200000|  0%| F|  |TAMS 0x00000000a3100000, 0x00000000a3100000| Untracked 
|  34|0x00000000a3200000, 0x00000000a3200000, 0x00000000a3300000|  0%| F|  |TAMS 0x00000000a3200000, 0x00000000a3200000| Untracked 
|  35|0x00000000a3300000, 0x00000000a3300000, 0x00000000a3400000|  0%| F|  |TAMS 0x00000000a3300000, 0x00000000a3300000| Untracked 
|  36|0x00000000a3400000, 0x00000000a3400000, 0x00000000a3500000|  0%| F|  |TAMS 0x00000000a3400000, 0x00000000a3400000| Untracked 
|  37|0x00000000a3500000, 0x00000000a3500000, 0x00000000a3600000|  0%| F|  |TAMS 0x00000000a3500000, 0x00000000a3500000| Untracked 
|  38|0x00000000a3600000, 0x00000000a3600000, 0x00000000a3700000|  0%| F|  |TAMS 0x00000000a3600000, 0x00000000a3600000| Untracked 
|  39|0x00000000a3700000, 0x00000000a3700000, 0x00000000a3800000|  0%| F|  |TAMS 0x00000000a3700000, 0x00000000a3700000| Untracked 
|  40|0x00000000a3800000, 0x00000000a3800000, 0x00000000a3900000|  0%| F|  |TAMS 0x00000000a3800000, 0x00000000a3800000| Untracked 
|  41|0x00000000a3900000, 0x00000000a3900000, 0x00000000a3a00000|  0%| F|  |TAMS 0x00000000a3900000, 0x00000000a3900000| Untracked 
|  42|0x00000000a3a00000, 0x00000000a3a00000, 0x00000000a3b00000|  0%| F|  |TAMS 0x00000000a3a00000, 0x00000000a3a00000| Untracked 
|  43|0x00000000a3b00000, 0x00000000a3b00000, 0x00000000a3c00000|  0%| F|  |TAMS 0x00000000a3b00000, 0x00000000a3b00000| Untracked 
|  44|0x00000000a3c00000, 0x00000000a3c00000, 0x00000000a3d00000|  0%| F|  |TAMS 0x00000000a3c00000, 0x00000000a3c00000| Untracked 
|  45|0x00000000a3d00000, 0x00000000a3d00000, 0x00000000a3e00000|  0%| F|  |TAMS 0x00000000a3d00000, 0x00000000a3d00000| Untracked 
|  46|0x00000000a3e00000, 0x00000000a3e00000, 0x00000000a3f00000|  0%| F|  |TAMS 0x00000000a3e00000, 0x00000000a3e00000| Untracked 
|  47|0x00000000a3f00000, 0x00000000a3f00000, 0x00000000a4000000|  0%| F|  |TAMS 0x00000000a3f00000, 0x00000000a3f00000| Untracked 
|  48|0x00000000a4000000, 0x00000000a4000000, 0x00000000a4100000|  0%| F|  |TAMS 0x00000000a4000000, 0x00000000a4000000| Untracked 
|  49|0x00000000a4100000, 0x00000000a4100000, 0x00000000a4200000|  0%| F|  |TAMS 0x00000000a4100000, 0x00000000a4100000| Untracked 
|  50|0x00000000a4200000, 0x00000000a4200000, 0x00000000a4300000|  0%| F|  |TAMS 0x00000000a4200000, 0x00000000a4200000| Untracked 
|  51|0x00000000a4300000, 0x00000000a4300000, 0x00000000a4400000|  0%| F|  |TAMS 0x00000000a4300000, 0x00000000a4300000| Untracked 
|  52|0x00000000a4400000, 0x00000000a4400000, 0x00000000a4500000|  0%| F|  |TAMS 0x00000000a4400000, 0x00000000a4400000| Untracked 
|  53|0x00000000a4500000, 0x00000000a4500000, 0x00000000a4600000|  0%| F|  |TAMS 0x00000000a4500000, 0x00000000a4500000| Untracked 
|  54|0x00000000a4600000, 0x00000000a4600000, 0x00000000a4700000|  0%| F|  |TAMS 0x00000000a4600000, 0x00000000a4600000| Untracked 
|  55|0x00000000a4700000, 0x00000000a4700000, 0x00000000a4800000|  0%| F|  |TAMS 0x00000000a4700000, 0x00000000a4700000| Untracked 
|  56|0x00000000a4800000, 0x00000000a4800000, 0x00000000a4900000|  0%| F|  |TAMS 0x00000000a4800000, 0x00000000a4800000| Untracked 
|  57|0x00000000a4900000, 0x00000000a4900000, 0x00000000a4a00000|  0%| F|  |TAMS 0x00000000a4900000, 0x00000000a4900000| Untracked 
|  58|0x00000000a4a00000, 0x00000000a4a00000, 0x00000000a4b00000|  0%| F|  |TAMS 0x00000000a4a00000, 0x00000000a4a00000| Untracked 
|  59|0x00000000a4b00000, 0x00000000a4b00000, 0x00000000a4c00000|  0%| F|  |TAMS 0x00000000a4b00000, 0x00000000a4b00000| Untracked 
|  60|0x00000000a4c00000, 0x00000000a4c00000, 0x00000000a4d00000|  0%| F|  |TAMS 0x00000000a4c00000, 0x00000000a4c00000| Untracked 
|  61|0x00000000a4d00000, 0x00000000a4d00000, 0x00000000a4e00000|  0%| F|  |TAMS 0x00000000a4d00000, 0x00000000a4d00000| Untracked 
|  62|0x00000000a4e00000, 0x00000000a4e00000, 0x00000000a4f00000|  0%| F|  |TAMS 0x00000000a4e00000, 0x00000000a4e00000| Untracked 
|  63|0x00000000a4f00000, 0x00000000a4f00000, 0x00000000a5000000|  0%| F|  |TAMS 0x00000000a4f00000, 0x00000000a4f00000| Untracked 
|  64|0x00000000a5000000, 0x00000000a5000000, 0x00000000a5100000|  0%| F|  |TAMS 0x00000000a5000000, 0x00000000a5000000| Untracked 
|  65|0x00000000a5100000, 0x00000000a5100000, 0x00000000a5200000|  0%| F|  |TAMS 0x00000000a5100000, 0x00000000a5100000| Untracked 
|  66|0x00000000a5200000, 0x00000000a5200000, 0x00000000a5300000|  0%| F|  |TAMS 0x00000000a5200000, 0x00000000a5200000| Untracked 
|  67|0x00000000a5300000, 0x00000000a5300000, 0x00000000a5400000|  0%| F|  |TAMS 0x00000000a5300000, 0x00000000a5300000| Untracked 
|  68|0x00000000a5400000, 0x00000000a5400000, 0x00000000a5500000|  0%| F|  |TAMS 0x00000000a5400000, 0x00000000a5400000| Untracked 
|  69|0x00000000a5500000, 0x00000000a5500000, 0x00000000a5600000|  0%| F|  |TAMS 0x00000000a5500000, 0x00000000a5500000| Untracked 
|  70|0x00000000a5600000, 0x00000000a5700000, 0x00000000a5700000|100%| S|CS|TAMS 0x00000000a5600000, 0x00000000a5600000| Complete 
|  71|0x00000000a5700000, 0x00000000a5800000, 0x00000000a5800000|100%| S|CS|TAMS 0x00000000a5700000, 0x00000000a5700000| Complete 
|  72|0x00000000a5800000, 0x00000000a5900000, 0x00000000a5900000|100%| S|CS|TAMS 0x00000000a5800000, 0x00000000a5800000| Complete 
|  73|0x00000000a5900000, 0x00000000a5900000, 0x00000000a5a00000|  0%| F|  |TAMS 0x00000000a5900000, 0x00000000a5900000| Untracked 
|  74|0x00000000a5a00000, 0x00000000a5a00000, 0x00000000a5b00000|  0%| F|  |TAMS 0x00000000a5a00000, 0x00000000a5a00000| Untracked 
|  75|0x00000000a5b00000, 0x00000000a5b00000, 0x00000000a5c00000|  0%| F|  |TAMS 0x00000000a5b00000, 0x00000000a5b00000| Untracked 
|  76|0x00000000a5c00000, 0x00000000a5c00000, 0x00000000a5d00000|  0%| F|  |TAMS 0x00000000a5c00000, 0x00000000a5c00000| Untracked 
|  77|0x00000000a5d00000, 0x00000000a5d00000, 0x00000000a5e00000|  0%| F|  |TAMS 0x00000000a5d00000, 0x00000000a5d00000| Untracked 
|  78|0x00000000a5e00000, 0x00000000a5e00000, 0x00000000a5f00000|  0%| F|  |TAMS 0x00000000a5e00000, 0x00000000a5e00000| Untracked 
|  79|0x00000000a5f00000, 0x00000000a5f00000, 0x00000000a6000000|  0%| F|  |TAMS 0x00000000a5f00000, 0x00000000a5f00000| Untracked 
|  80|0x00000000a6000000, 0x00000000a6000000, 0x00000000a6100000|  0%| F|  |TAMS 0x00000000a6000000, 0x00000000a6000000| Untracked 
|  81|0x00000000a6100000, 0x00000000a611e1a8, 0x00000000a6200000| 11%| E|  |TAMS 0x00000000a6100000, 0x00000000a6100000| Complete 
|  82|0x00000000a6200000, 0x00000000a6300000, 0x00000000a6300000|100%| E|CS|TAMS 0x00000000a6200000, 0x00000000a6200000| Complete 
|  83|0x00000000a6300000, 0x00000000a6400000, 0x00000000a6400000|100%| E|CS|TAMS 0x00000000a6300000, 0x00000000a6300000| Complete 
|  84|0x00000000a6400000, 0x00000000a6500000, 0x00000000a6500000|100%| E|CS|TAMS 0x00000000a6400000, 0x00000000a6400000| Complete 
|  85|0x00000000a6500000, 0x00000000a6600000, 0x00000000a6600000|100%| E|CS|TAMS 0x00000000a6500000, 0x00000000a6500000| Complete 
|  86|0x00000000a6600000, 0x00000000a6700000, 0x00000000a6700000|100%| E|CS|TAMS 0x00000000a6600000, 0x00000000a6600000| Complete 
|  87|0x00000000a6700000, 0x00000000a6800000, 0x00000000a6800000|100%| E|CS|TAMS 0x00000000a6700000, 0x00000000a6700000| Complete 
|  88|0x00000000a6800000, 0x00000000a6900000, 0x00000000a6900000|100%| E|CS|TAMS 0x00000000a6800000, 0x00000000a6800000| Complete 
|  89|0x00000000a6900000, 0x00000000a6a00000, 0x00000000a6a00000|100%| E|CS|TAMS 0x00000000a6900000, 0x00000000a6900000| Complete 
|  90|0x00000000a6a00000, 0x00000000a6b00000, 0x00000000a6b00000|100%| E|CS|TAMS 0x00000000a6a00000, 0x00000000a6a00000| Complete 
|  91|0x00000000a6b00000, 0x00000000a6c00000, 0x00000000a6c00000|100%| E|CS|TAMS 0x00000000a6b00000, 0x00000000a6b00000| Complete 
|  92|0x00000000a6c00000, 0x00000000a6d00000, 0x00000000a6d00000|100%| E|CS|TAMS 0x00000000a6c00000, 0x00000000a6c00000| Complete 
|  93|0x00000000a6d00000, 0x00000000a6e00000, 0x00000000a6e00000|100%| E|CS|TAMS 0x00000000a6d00000, 0x00000000a6d00000| Complete 
|  94|0x00000000a6e00000, 0x00000000a6f00000, 0x00000000a6f00000|100%| E|CS|TAMS 0x00000000a6e00000, 0x00000000a6e00000| Complete 
|  95|0x00000000a6f00000, 0x00000000a7000000, 0x00000000a7000000|100%| E|CS|TAMS 0x00000000a6f00000, 0x00000000a6f00000| Complete 

Card table byte_map: [0x0000022099400000,0x0000022099700000] _byte_map_base: 0x0000022098ef8000

Marking Bits (Prev, Next): (CMBitMap*) 0x000002208233cdd0, (CMBitMap*) 0x000002208233ce10
 Prev Bits: [0x0000022099a00000, 0x000002209b1c0000)
 Next Bits: [0x000002209b1c0000, 0x000002209c980000)

Polling page: 0x0000022081ad0000

Metaspace:

Usage:
  Non-class:     10.92 MB used.
      Class:      1.54 MB used.
       Both:     12.45 MB used.

Virtual space:
  Non-class space:       16.00 MB reserved,      11.06 MB ( 69%) committed,  2 nodes.
      Class space:        1.00 GB reserved,       1.69 MB ( <1%) committed,  1 nodes.
             Both:        1.02 GB reserved,      12.75 MB (  1%) committed. 

Chunk freelists:
   Non-Class:  464.00 KB
       Class:  2.22 MB
        Both:  2.67 MB

MaxMetaspaceSize: unlimited
CompressedClassSpaceSize: 1.00 GB
Initial GC threshold: 21.00 MB
Current GC threshold: 21.00 MB
CDS: on
MetaspaceReclaimPolicy: balanced
 - commit_granule_bytes: 65536.
 - commit_granule_words: 8192.
 - virtual_space_node_default_size: 1048576.
 - enlarge_chunks_in_place: 1.
 - new_chunks_are_fully_committed: 0.
 - uncommit_free_chunks: 1.
 - use_allocation_guard: 0.
 - handle_deallocations: 1.


Internal statistics:

num_allocs_failed_limit: 0.
num_arena_births: 212.
num_arena_deaths: 0.
num_vsnodes_births: 3.
num_vsnodes_deaths: 0.
num_space_committed: 204.
num_space_uncommitted: 0.
num_chunks_returned_to_freelist: 0.
num_chunks_taken_from_freelist: 510.
num_chunk_merges: 0.
num_chunk_splits: 322.
num_chunks_enlarged: 224.
num_purges: 0.
num_inconsistent_stats: 0.

CodeHeap 'non-profiled nmethods': size=120000Kb used=551Kb max_used=551Kb free=119448Kb
 bounds [0x00000220918a0000, 0x0000022091b10000, 0x0000022098dd0000]
CodeHeap 'profiled nmethods': size=120000Kb used=3158Kb max_used=3158Kb free=116841Kb
 bounds [0x000002208a370000, 0x000002208a690000, 0x00000220918a0000]
CodeHeap 'non-nmethods': size=5760Kb used=1217Kb max_used=1230Kb free=4542Kb
 bounds [0x0000022089dd0000, 0x000002208a040000, 0x000002208a370000]
 total_blobs=2196 nmethods=1682 adapters=426
 compilation: enabled
              stopped_count=0, restarted_count=0
 full_count=0

Compilation events (20 events):
Event: 8.520 Thread 0x000002209f377570 nmethod 1620 0x000002208a669610 code [0x000002208a6697e0, 0x000002208a669bc8]
Event: 8.520 Thread 0x000002209f377570 1621       3       java.lang.Class::getComponentType (14 bytes)
Event: 8.520 Thread 0x000002209f377570 nmethod 1621 0x000002208a669d10 code [0x000002208a669ec0, 0x000002208a66a088]
Event: 8.520 Thread 0x000002209f377570 1619       3       java.lang.String::trim (35 bytes)
Event: 8.521 Thread 0x000002209f377570 nmethod 1619 0x000002208a66a110 code [0x000002208a66a2e0, 0x000002208a66a5d8]
Event: 8.521 Thread 0x000002209f377570 1622       3       java.nio.HeapByteBuffer::get (14 bytes)
Event: 8.522 Thread 0x000002209f377570 nmethod 1622 0x000002208a66a690 code [0x000002208a66a840, 0x000002208a66ab88]
Event: 8.522 Thread 0x000002209f377570 1623       3       java.nio.Buffer::nextGetIndex (30 bytes)
Event: 8.523 Thread 0x000002209f377570 nmethod 1623 0x000002208a66ad10 code [0x000002208a66aec0, 0x000002208a66b088]
Event: 8.527 Thread 0x000002209f377570 1624       3       jdk.internal.misc.Unsafe::weakCompareAndSetLong (11 bytes)
Event: 8.528 Thread 0x000002209f377570 nmethod 1624 0x000002208a66b190 code [0x000002208a66b320, 0x000002208a66b458]
Event: 8.530 Thread 0x000002209f377570 1625       3       java.nio.ByteBuffer::<init> (14 bytes)
Event: 8.530 Thread 0x000002209f377570 nmethod 1625 0x000002208a66b510 code [0x000002208a66b6c0, 0x000002208a66b808]
Event: 8.530 Thread 0x000002209f377570 1626       3       java.nio.MappedByteBuffer::limit (6 bytes)
Event: 8.531 Thread 0x000002209f377570 nmethod 1626 0x000002208a66b910 code [0x000002208a66bac0, 0x000002208a66bcc8]
Event: 8.531 Thread 0x000002209f377570 1627       3       java.nio.MappedByteBuffer::position (6 bytes)
Event: 8.531 Thread 0x000002209f377570 nmethod 1627 0x000002208a66be10 code [0x000002208a66bfc0, 0x000002208a66c1c8]
Event: 8.538 Thread 0x000002209f377570 1628       3       java.lang.AbstractStringBuilder::append (55 bytes)
Event: 8.539 Thread 0x000002209f377570 nmethod 1628 0x000002208a66c310 code [0x000002208a66c4e0, 0x000002208a66c818]
Event: 8.539 Thread 0x000002209f377570 1629       3       java.lang.invoke.LambdaForm$Name::replaceNames (175 bytes)

GC Heap History (2 events):
Event: 4.542 GC heap before
{Heap before GC invocations=0 (full 0):
 garbage-first heap   total 98304K, used 22528K [0x00000000a1000000, 0x0000000100000000)
  region size 1024K, 23 young (23552K), 0 survivors (0K)
 Metaspace       used 8799K, committed 9024K, reserved 1056768K
  class space    used 1030K, committed 1152K, reserved 1048576K
}
Event: 4.555 GC heap after
{Heap after GC invocations=1 (full 0):
 garbage-first heap   total 98304K, used 5256K [0x00000000a1000000, 0x0000000100000000)
  region size 1024K, 3 young (3072K), 3 survivors (3072K)
 Metaspace       used 8799K, committed 9024K, reserved 1056768K
  class space    used 1030K, committed 1152K, reserved 1048576K
}

Deoptimization events (20 events):
Event: 4.974 Thread 0x00000220a0a2f8d0 DEOPT PACKING pc=0x00000220919199ac sp=0x0000004b2fbfcfd0
Event: 4.974 Thread 0x00000220a0a2f8d0 DEOPT UNPACKING pc=0x0000022089e223a3 sp=0x0000004b2fbfcf58 mode 2
Event: 4.980 Thread 0x00000220a0914fa0 Uncommon trap: trap_request=0xffffffde fr.pc=0x00000220919199ac relative=0x000000000000010c
Event: 4.980 Thread 0x00000220a0914fa0 Uncommon trap: reason=class_check action=maybe_recompile pc=0x00000220919199ac method=jdk.internal.misc.Unsafe.allocateUninitializedArray(Ljava/lang/Class;I)Ljava/lang/Object; @ 51 c2
Event: 4.980 Thread 0x00000220a0914fa0 DEOPT PACKING pc=0x00000220919199ac sp=0x0000004b2ecfda50
Event: 4.980 Thread 0x00000220a0914fa0 DEOPT UNPACKING pc=0x0000022089e223a3 sp=0x0000004b2ecfd9d8 mode 2
Event: 4.982 Thread 0x00000220a0a30c10 Uncommon trap: trap_request=0xffffffde fr.pc=0x00000220919199ac relative=0x000000000000010c
Event: 4.982 Thread 0x00000220a0a30c10 Uncommon trap: reason=class_check action=maybe_recompile pc=0x00000220919199ac method=jdk.internal.misc.Unsafe.allocateUninitializedArray(Ljava/lang/Class;I)Ljava/lang/Object; @ 51 c2
Event: 4.982 Thread 0x00000220a0a30c10 DEOPT PACKING pc=0x00000220919199ac sp=0x0000004b2fcfe020
Event: 4.982 Thread 0x00000220a0a30c10 DEOPT UNPACKING pc=0x0000022089e223a3 sp=0x0000004b2fcfdfa8 mode 2
Event: 4.983 Thread 0x00000220a0a30c10 Uncommon trap: trap_request=0xffffffde fr.pc=0x00000220919199ac relative=0x000000000000010c
Event: 4.983 Thread 0x00000220a0a30c10 Uncommon trap: reason=class_check action=maybe_recompile pc=0x00000220919199ac method=jdk.internal.misc.Unsafe.allocateUninitializedArray(Ljava/lang/Class;I)Ljava/lang/Object; @ 51 c2
Event: 4.983 Thread 0x00000220a0a30c10 DEOPT PACKING pc=0x00000220919199ac sp=0x0000004b2fcfdfc0
Event: 4.983 Thread 0x00000220a0a30c10 DEOPT UNPACKING pc=0x0000022089e223a3 sp=0x0000004b2fcfdf48 mode 2
Event: 8.374 Thread 0x0000022082306100 DEOPT PACKING pc=0x000002208a453127 sp=0x0000004b2d7f8920
Event: 8.374 Thread 0x0000022082306100 DEOPT UNPACKING pc=0x0000022089e22b43 sp=0x0000004b2d7f7d80 mode 0
Event: 8.457 Thread 0x0000022082306100 Uncommon trap: trap_request=0xffffff45 fr.pc=0x00000220918febc4 relative=0x0000000000000a04
Event: 8.457 Thread 0x0000022082306100 Uncommon trap: reason=unstable_if action=reinterpret pc=0x00000220918febc4 method=java.lang.Integer.stringSize(I)I @ 19 c2
Event: 8.458 Thread 0x0000022082306100 DEOPT PACKING pc=0x00000220918febc4 sp=0x0000004b2d7fe8f0
Event: 8.458 Thread 0x0000022082306100 DEOPT UNPACKING pc=0x0000022089e223a3 sp=0x0000004b2d7fe838 mode 2

Classes unloaded (0 events):
No events

Classes redefined (0 events):
No events

Internal exceptions (20 events):
Event: 3.876 Thread 0x0000022082306100 Exception <a 'java/lang/NoSuchMethodError'{0x00000000a5bfc000}: 'java.lang.Object java.lang.invoke.DirectMethodHandle$Holder.invokeVirtual(java.lang.Object, java.lang.Object, java.lang.Object, java.lang.Object)'> (0x00000000a5bfc000) 
thrown [c:\jenkins\workspace\zulu17-build-win64\zulu-src.git\src\hotspot\share\interpreter\linkResolver.cpp, line 766]
Event: 4.111 Thread 0x00000220a09a7580 Exception <a 'java/net/ConnectException'{0x00000000a597e688}: Connection refused: no further information> (0x00000000a597e688) 
thrown [c:\jenkins\workspace\zulu17-build-win64\zulu-src.git\src\hotspot\share\prims\jni.cpp, line 535]
Event: 4.111 Thread 0x00000220a09a7580 Exception <a 'java/net/SocketException'{0x00000000a597e9c0}: Socket is not connected: shutdown> (0x00000000a597e9c0) 
thrown [c:\jenkins\workspace\zulu17-build-win64\zulu-src.git\src\hotspot\share\prims\jni.cpp, line 535]
Event: 4.132 Thread 0x00000220a09a7580 Exception <a 'java/net/ConnectException'{0x00000000a597f9b8}: Connection refused: no further information> (0x00000000a597f9b8) 
thrown [c:\jenkins\workspace\zulu17-build-win64\zulu-src.git\src\hotspot\share\prims\jni.cpp, line 535]
Event: 4.132 Thread 0x00000220a09a7580 Exception <a 'java/net/SocketException'{0x00000000a597fcf0}: Socket is not connected: shutdown> (0x00000000a597fcf0) 
thrown [c:\jenkins\workspace\zulu17-build-win64\zulu-src.git\src\hotspot\share\prims\jni.cpp, line 535]
Event: 4.182 Thread 0x00000220a09a7580 Exception <a 'java/net/ConnectException'{0x00000000a5980c18}: Connection refused: no further information> (0x00000000a5980c18) 
thrown [c:\jenkins\workspace\zulu17-build-win64\zulu-src.git\src\hotspot\share\prims\jni.cpp, line 535]
Event: 4.182 Thread 0x00000220a09a7580 Exception <a 'java/net/SocketException'{0x00000000a5980f50}: Socket is not connected: shutdown> (0x00000000a5980f50) 
thrown [c:\jenkins\workspace\zulu17-build-win64\zulu-src.git\src\hotspot\share\prims\jni.cpp, line 535]
Event: 4.226 Thread 0x00000220a09a7580 Exception <a 'java/net/ConnectException'{0x00000000a5981e78}: Connection refused: no further information> (0x00000000a5981e78) 
thrown [c:\jenkins\workspace\zulu17-build-win64\zulu-src.git\src\hotspot\share\prims\jni.cpp, line 535]
Event: 4.226 Thread 0x00000220a09a7580 Exception <a 'java/net/SocketException'{0x00000000a59821b0}: Socket is not connected: shutdown> (0x00000000a59821b0) 
thrown [c:\jenkins\workspace\zulu17-build-win64\zulu-src.git\src\hotspot\share\prims\jni.cpp, line 535]
Event: 4.321 Thread 0x00000220a09a7580 Exception <a 'java/net/ConnectException'{0x00000000a59830d8}: Connection refused: no further information> (0x00000000a59830d8) 
thrown [c:\jenkins\workspace\zulu17-build-win64\zulu-src.git\src\hotspot\share\prims\jni.cpp, line 535]
Event: 4.321 Thread 0x00000220a09a7580 Exception <a 'java/net/SocketException'{0x00000000a5983410}: Socket is not connected: shutdown> (0x00000000a5983410) 
thrown [c:\jenkins\workspace\zulu17-build-win64\zulu-src.git\src\hotspot\share\prims\jni.cpp, line 535]
Event: 4.621 Thread 0x0000022082306100 Exception <a 'java/lang/NoSuchMethodError'{0x00000000a6e1aae0}: 'java.lang.Object java.lang.invoke.DirectMethodHandle$Holder.newInvokeSpecial(java.lang.Object, java.lang.Object, int, int)'> (0x00000000a6e1aae0) 
thrown [c:\jenkins\workspace\zulu17-build-win64\zulu-src.git\src\hotspot\share\interpreter\linkResolver.cpp, line 766]
Event: 4.626 Thread 0x0000022082306100 Exception <a 'java/lang/NoSuchMethodError'{0x00000000a6e25940}: 'void java.lang.invoke.DirectMethodHandle$Holder.invokeStatic(java.lang.Object, java.lang.Object, int)'> (0x00000000a6e25940) 
thrown [c:\jenkins\workspace\zulu17-build-win64\zulu-src.git\src\hotspot\share\interpreter\linkResolver.cpp, line 766]
Event: 4.690 Thread 0x0000022082306100 Exception <a 'java/lang/NoSuchMethodError'{0x00000000a6d4aac8}: 'java.lang.Object java.lang.invoke.DirectMethodHandle$Holder.newInvokeSpecial(java.lang.Object, java.lang.Object, java.lang.Object, java.lang.Object, java.lang.Object)'> (0x00000000a6d4aac8) 
thrown [c:\jenkins\workspace\zulu17-build-win64\zulu-src.git\src\hotspot\share\interpreter\linkResolver.cpp, line 766]
Event: 4.844 Thread 0x0000022082306100 Exception <a 'java/lang/NoSuchMethodError'{0x00000000a6bf6b08}: 'void java.lang.invoke.DirectMethodHandle$Holder.invokeSpecial(java.lang.Object, java.lang.Object, java.lang.Object)'> (0x00000000a6bf6b08) 
thrown [c:\jenkins\workspace\zulu17-build-win64\zulu-src.git\src\hotspot\share\interpreter\linkResolver.cpp, line 766]
Event: 4.910 Thread 0x00000220a0a2f8d0 Exception <a 'java/lang/NoSuchMethodError'{0x00000000a690f2a0}: 'java.lang.Object java.lang.invoke.DirectMethodHandle$Holder.invokeSpecial(java.lang.Object, java.lang.Object, java.lang.Object, java.lang.Object, int)'> (0x00000000a690f2a0) 
thrown [c:\jenkins\workspace\zulu17-build-win64\zulu-src.git\src\hotspot\share\interpreter\linkResolver.cpp, line 766]
Event: 4.910 Thread 0x00000220a0a2f8d0 Exception <a 'java/lang/NoSuchMethodError'{0x00000000a6912e68}: 'java.lang.Object java.lang.invoke.Invokers$Holder.linkToTargetMethod(java.lang.Object, java.lang.Object, int, java.lang.Object)'> (0x00000000a6912e68) 
thrown [c:\jenkins\workspace\zulu17-build-win64\zulu-src.git\src\hotspot\share\interpreter\linkResolver.cpp, line 766]
Event: 4.957 Thread 0x00000220a0a2f8d0 Exception <a 'java/lang/NoSuchMethodError'{0x00000000a6968a58}: 'void java.lang.invoke.DirectMethodHandle$Holder.invokeSpecial(java.lang.Object, java.lang.Object, java.lang.Object, java.lang.Object, java.lang.Object)'> (0x00000000a6968a58) 
thrown [c:\jenkins\workspace\zulu17-build-win64\zulu-src.git\src\hotspot\share\interpreter\linkResolver.cpp, line 766]
Event: 8.121 Thread 0x00000220a0a30c10 Exception <a 'java/lang/NoSuchMethodError'{0x00000000a6845660}: 'void java.lang.invoke.DirectMethodHandle$Holder.invokeSpecial(java.lang.Object, java.lang.Object, java.lang.Object, java.lang.Object, java.lang.Object, java.lang.Object, java.lang.Object)'> (0x00000000a6845660) 
thrown [c:\jenkins\workspace\zulu17-build-win64\zulu-src.git\src\hotspot\share\interpreter\linkResolver.cpp, line 766]
Event: 8.334 Thread 0x0000022082306100 Exception <a 'java/lang/NoSuchMethodError'{0x00000000a6669410}: 'java.lang.Object java.lang.invoke.DirectMethodHandle$Holder.invokeSpecialIFC(java.lang.Object, java.lang.Object, java.lang.Object)'> (0x00000000a6669410) 
thrown [c:\jenkins\workspace\zulu17-build-win64\zulu-src.git\src\hotspot\share\interpreter\linkResolver.cpp, line 766]

VM Operations (20 events):
Event: 1.755 Executing VM operation: Cleanup
Event: 1.755 Executing VM operation: Cleanup done
Event: 3.131 Executing VM operation: HandshakeAllThreads
Event: 3.131 Executing VM operation: HandshakeAllThreads done
Event: 3.131 Executing VM operation: Cleanup
Event: 3.131 Executing VM operation: Cleanup done
Event: 3.232 Executing VM operation: HandshakeAllThreads
Event: 3.232 Executing VM operation: HandshakeAllThreads done
Event: 3.633 Executing VM operation: HandshakeAllThreads
Event: 3.633 Executing VM operation: HandshakeAllThreads done
Event: 4.502 Executing VM operation: HandshakeAllThreads
Event: 4.502 Executing VM operation: HandshakeAllThreads done
Event: 4.502 Executing VM operation: Cleanup
Event: 4.502 Executing VM operation: Cleanup done
Event: 4.505 Executing VM operation: HandshakeAllThreads
Event: 4.505 Executing VM operation: HandshakeAllThreads done
Event: 4.540 Executing VM operation: G1CollectForAllocation
Event: 4.555 Executing VM operation: G1CollectForAllocation done
Event: 5.560 Executing VM operation: Cleanup
Event: 5.560 Executing VM operation: Cleanup done

Events (20 events):
Event: 8.463 Thread 0x00000220a0a315b0 Thread added: 0x00000220a0a315b0
Event: 8.465 Thread 0x00000220a0a2f400 Thread added: 0x00000220a0a2f400
Event: 8.469 Thread 0x00000220a0a2e590 Thread added: 0x00000220a0a2e590
Event: 8.470 Thread 0x00000220a0a2e0c0 Thread added: 0x00000220a0a2e0c0
Event: 8.481 loading class java/util/concurrent/locks/ReadWriteLock
Event: 8.482 loading class java/util/concurrent/locks/ReadWriteLock done
Event: 8.491 loading class java/util/concurrent/locks/ReentrantReadWriteLock
Event: 8.491 loading class java/util/concurrent/locks/ReentrantReadWriteLock done
Event: 8.492 loading class java/util/concurrent/locks/ReentrantReadWriteLock$FairSync
Event: 8.492 loading class java/util/concurrent/locks/ReentrantReadWriteLock$Sync
Event: 8.493 loading class java/util/concurrent/locks/ReentrantReadWriteLock$Sync done
Event: 8.493 loading class java/util/concurrent/locks/ReentrantReadWriteLock$FairSync done
Event: 8.493 loading class java/util/concurrent/locks/ReentrantReadWriteLock$Sync$ThreadLocalHoldCounter
Event: 8.493 loading class java/util/concurrent/locks/ReentrantReadWriteLock$Sync$ThreadLocalHoldCounter done
Event: 8.493 loading class java/util/concurrent/locks/ReentrantReadWriteLock$ReadLock
Event: 8.493 loading class java/util/concurrent/locks/ReentrantReadWriteLock$ReadLock done
Event: 8.493 loading class java/util/concurrent/locks/ReentrantReadWriteLock$WriteLock
Event: 8.493 loading class java/util/concurrent/locks/ReentrantReadWriteLock$WriteLock done
Event: 8.518 loading class sun/net/www/HeaderParser
Event: 8.523 loading class sun/net/www/HeaderParser done


Dynamic libraries:
0x00007ff6ac770000 - 0x00007ff6ac77e000 	C:\Program Files\Zulu\zulu-17\bin\javaw.exe
0x00007ffb2fb20000 - 0x00007ffb2fd29000 	C:\Windows\SYSTEM32\ntdll.dll
0x00007ffb2de00000 - 0x00007ffb2debd000 	C:\Windows\System32\KERNEL32.DLL
0x00007ffb2cfb0000 - 0x00007ffb2d335000 	C:\Windows\System32\KERNELBASE.dll
0x00007ffb2d7d0000 - 0x00007ffb2d8e1000 	C:\Windows\System32\ucrtbase.dll
0x00007ffb16cb0000 - 0x00007ffb16cc8000 	C:\Program Files\Zulu\zulu-17\bin\jli.dll
0x00007ffb16cd0000 - 0x00007ffb16ceb000 	C:\Program Files\Zulu\zulu-17\bin\VCRUNTIME140.dll
0x00007ffb2ee60000 - 0x00007ffb2f00d000 	C:\Windows\System32\USER32.dll
0x00007ffb2d630000 - 0x00007ffb2d656000 	C:\Windows\System32\win32u.dll
0x00007ffb2fa00000 - 0x00007ffb2fa2a000 	C:\Windows\System32\GDI32.dll
0x00007ffb2d510000 - 0x00007ffb2d62e000 	C:\Windows\System32\gdi32full.dll
0x00007ffb14300000 - 0x00007ffb145a5000 	C:\Windows\WinSxS\amd64_microsoft.windows.common-controls_6595b64144ccf1df_6.0.22000.2600_none_1b65155c6ae217ae\COMCTL32.dll
0x00007ffb2f5d0000 - 0x00007ffb2f673000 	C:\Windows\System32\msvcrt.dll
0x00007ffb2d3b0000 - 0x00007ffb2d44d000 	C:\Windows\System32\msvcp_win.dll
0x00007ffb2ddc0000 - 0x00007ffb2ddf1000 	C:\Windows\System32\IMM32.DLL
0x00007ffb2ccc0000 - 0x00007ffb2ce60000 	C:\Program Files\Avecto\Privilege Guard Client\PGHook.dll
0x00007ffb2f3a0000 - 0x00007ffb2f450000 	C:\Windows\System32\ADVAPI32.dll
0x00007ffb2f210000 - 0x00007ffb2f2ae000 	C:\Windows\System32\sechost.dll
0x00007ffb2ecb0000 - 0x00007ffb2edd2000 	C:\Windows\System32\RPCRT4.dll
0x00007ffb23ad0000 - 0x00007ffb23adc000 	C:\Program Files\Zulu\zulu-17\bin\vcruntime140_1.dll
0x00007ffadafa0000 - 0x00007ffadb02d000 	C:\Program Files\Zulu\zulu-17\bin\msvcp140.dll
0x00007ffad26f0000 - 0x00007ffad3350000 	C:\Program Files\Zulu\zulu-17\bin\server\jvm.dll
0x00007ffb2eca0000 - 0x00007ffb2eca8000 	C:\Windows\System32\PSAPI.DLL
0x00007ffb0c4d0000 - 0x00007ffb0c4d9000 	C:\Windows\SYSTEM32\WSOCK32.dll
0x00007ffb2ec30000 - 0x00007ffb2ec9f000 	C:\Windows\System32\WS2_32.dll
0x00007ffb237f0000 - 0x00007ffb23823000 	C:\Windows\SYSTEM32\WINMM.dll
0x00007ffb229e0000 - 0x00007ffb229ea000 	C:\Windows\SYSTEM32\VERSION.dll
0x00007ffb2bd30000 - 0x00007ffb2bd48000 	C:\Windows\SYSTEM32\kernel.appcore.dll
0x00007ffb28280000 - 0x00007ffb2828a000 	C:\Program Files\Zulu\zulu-17\bin\jimage.dll
0x00007ffb2a420000 - 0x00007ffb2a641000 	C:\Windows\SYSTEM32\DBGHELP.DLL
0x00007ffb0cae0000 - 0x00007ffb0cb11000 	C:\Windows\SYSTEM32\dbgcore.DLL
0x00007ffb2d8f0000 - 0x00007ffb2d96f000 	C:\Windows\System32\bcryptPrimitives.dll
0x00007ffb0e0b0000 - 0x00007ffb0e0d5000 	C:\Program Files\Zulu\zulu-17\bin\java.dll
0x00007ffae4d90000 - 0x00007ffae4e67000 	C:\Program Files\Zulu\zulu-17\bin\jsvml.dll
0x00007ffb2e460000 - 0x00007ffb2ec25000 	C:\Windows\System32\SHELL32.dll
0x00007ffb2abd0000 - 0x00007ffb2b432000 	C:\Windows\SYSTEM32\windows.storage.dll
0x00007ffb2f680000 - 0x00007ffb2f9f6000 	C:\Windows\System32\combase.dll
0x00007ffb2aa60000 - 0x00007ffb2abc7000 	C:\Windows\SYSTEM32\wintypes.dll
0x00007ffb2f2b0000 - 0x00007ffb2f39a000 	C:\Windows\System32\SHCORE.dll
0x00007ffb2f010000 - 0x00007ffb2f06d000 	C:\Windows\System32\shlwapi.dll
0x00007ffb2cee0000 - 0x00007ffb2cf05000 	C:\Windows\SYSTEM32\profapi.dll
0x00007ffb28270000 - 0x00007ffb28280000 	C:\Program Files\Zulu\zulu-17\bin\verify.dll
0x00007ffb17d20000 - 0x00007ffb17d39000 	C:\Program Files\Zulu\zulu-17\bin\net.dll
0x00007ffb2bd50000 - 0x00007ffb2be64000 	C:\Windows\SYSTEM32\WINHTTP.dll
0x00007ffb2c2e0000 - 0x00007ffb2c347000 	C:\Windows\system32\mswsock.dll
0x00007ffb13c60000 - 0x00007ffb13c76000 	C:\Program Files\Zulu\zulu-17\bin\nio.dll
0x00007ffb127d0000 - 0x00007ffb127e8000 	C:\Program Files\Zulu\zulu-17\bin\zip.dll
0x00007ffb2b6b0000 - 0x00007ffb2b797000 	C:\Windows\SYSTEM32\DNSAPI.dll
0x00007ffb2b680000 - 0x00007ffb2b6ad000 	C:\Windows\SYSTEM32\IPHLPAPI.DLL
0x00007ffb2def0000 - 0x00007ffb2def9000 	C:\Windows\System32\NSI.dll
0x00007ffb149e0000 - 0x00007ffb149ea000 	C:\Windows\System32\rasadhlp.dll
0x00007ffb21870000 - 0x00007ffb218f1000 	C:\Windows\System32\fwpuclnt.dll
0x00007ffb2c5b0000 - 0x00007ffb2c5c8000 	C:\Windows\SYSTEM32\CRYPTSP.dll
0x00007ffb2bc90000 - 0x00007ffb2bcc5000 	C:\Windows\system32\rsaenh.dll
0x00007ffb2c380000 - 0x00007ffb2c3ac000 	C:\Windows\SYSTEM32\USERENV.dll
0x00007ffb2c760000 - 0x00007ffb2c787000 	C:\Windows\SYSTEM32\bcrypt.dll
0x00007ffb2c590000 - 0x00007ffb2c59c000 	C:\Windows\SYSTEM32\CRYPTBASE.dll
0x00007ffb20710000 - 0x00007ffb20729000 	C:\Windows\SYSTEM32\dhcpcsvc6.DLL
0x00007ffb20870000 - 0x00007ffb2088e000 	C:\Windows\SYSTEM32\dhcpcsvc.DLL
0x00007ffb1a960000 - 0x00007ffb1a96d000 	C:\Program Files\Zulu\zulu-17\bin\sunmscapi.dll
0x00007ffb2d660000 - 0x00007ffb2d7c2000 	C:\Windows\System32\CRYPT32.dll
0x00007ffb2c730000 - 0x00007ffb2c758000 	C:\Windows\SYSTEM32\ncrypt.dll
0x00007ffb2c6f0000 - 0x00007ffb2c727000 	C:\Windows\SYSTEM32\NTASN1.dll
0x00007ffb226c0000 - 0x00007ffb226c8000 	C:\Windows\system32\wshunix.dll

dbghelp: loaded successfully - version: 4.0.5 - missing functions: none
symbol engine: initialized successfully - sym options: 0x614 - pdb path: .;C:\Program Files\Zulu\zulu-17\bin;C:\Windows\SYSTEM32;C:\Windows\WinSxS\amd64_microsoft.windows.common-controls_6595b64144ccf1df_6.0.22000.2600_none_1b65155c6ae217ae;C:\Program Files\Avecto\Privilege Guard Client;C:\Program Files\Zulu\zulu-17\bin\server

VM Arguments:
jvm_args: -Dfile.encoding=UTF-8 -XX:+ShowCodeDetailsInExceptionMessages 
java_command: firstcode.practiceexercise
java_class_path (initial): C:\Users\2303896\eclipse-workspace\firstcode\target\test-classes;C:\Users\2303896\eclipse-workspace\firstcode\target\classes;C:\Users\2303896\.m2\repository\org\seleniumhq\selenium\selenium-java\4.15.0\selenium-java-4.15.0.jar;C:\Users\2303896\.m2\repository\org\seleniumhq\selenium\selenium-api\4.15.0\selenium-api-4.15.0.jar;C:\Users\2303896\.m2\repository\org\seleniumhq\selenium\selenium-chrome-driver\4.15.0\selenium-chrome-driver-4.15.0.jar;C:\Users\2303896\.m2\repository\com\google\auto\service\auto-service-annotations\1.1.1\auto-service-annotations-1.1.1.jar;C:\Users\2303896\.m2\repository\org\seleniumhq\selenium\selenium-chromium-driver\4.15.0\selenium-chromium-driver-4.15.0.jar;C:\Users\2303896\.m2\repository\org\seleniumhq\selenium\selenium-json\4.15.0\selenium-json-4.15.0.jar;C:\Users\2303896\.m2\repository\org\seleniumhq\selenium\selenium-manager\4.15.0\selenium-manager-4.15.0.jar;C:\Users\2303896\.m2\repository\org\seleniumhq\selenium\selenium-devtools-v117\4.15.0\selenium-devtools-v117-4.15.0.jar;C:\Users\2303896\.m2\repository\org\seleniumhq\selenium\selenium-devtools-v118\4.15.0\selenium-devtools-v118-4.15.0.jar;C:\Users\2303896\.m2\repository\org\seleniumhq\selenium\selenium-devtools-v119\4.15.0\selenium-devtools-v119-4.15.0.jar;C:\Users\2303896\.m2\repository\org\seleniumhq\selenium\selenium-devtools-v85\4.15.0\selenium-devtools-v85-4.15.0.jar;C:\Users\2303896\.m2\repository\org\seleniumhq\selenium\selenium-edge-driver\4.15.0\selenium-edge-driver-4.15.0.jar;C:\Users\2303896\.m2\repository\org\seleniumhq\selenium\selenium-firefox-driver\4.15.0\selenium-firefox-driver-4.15.0.jar;C:\Users\2303896\.m2\repository\org\seleniumhq\selenium\selenium-http\4.15.0\selenium-http-4.15.0.jar;C:\Users\2303896\.m2\repository\dev\failsafe\failsafe\3.3.2\failsafe-3.3.2.jar;C:\Users\2303896\.m2\repository\org\seleniumhq\selenium\selenium-ie-driver\4.15.0\selenium-ie-driver-4.15.0.jar;C:\Users\2303896\.m2\repository\org\seleniumhq\selenium\sel
Launcher Type: SUN_STANDARD

[Global flags]
     intx CICompilerCount                          = 4                                         {product} {ergonomic}
     uint ConcGCThreads                            = 2                                         {product} {ergonomic}
     uint G1ConcRefinementThreads                  = 8                                         {product} {ergonomic}
   size_t G1HeapRegionSize                         = 1048576                                   {product} {ergonomic}
    uintx GCDrainStackTargetSize                   = 64                                        {product} {ergonomic}
   size_t InitialHeapSize                          = 100663296                                 {product} {ergonomic}
   size_t MarkStackSize                            = 4194304                                   {product} {ergonomic}
   size_t MaxHeapSize                              = 1593835520                                {product} {ergonomic}
   size_t MaxNewSize                               = 956301312                                 {product} {ergonomic}
   size_t MinHeapDeltaBytes                        = 1048576                                   {product} {ergonomic}
   size_t MinHeapSize                              = 8388608                                   {product} {ergonomic}
    uintx NonNMethodCodeHeapSize                   = 5839372                                {pd product} {ergonomic}
    uintx NonProfiledCodeHeapSize                  = 122909434                              {pd product} {ergonomic}
    uintx ProfiledCodeHeapSize                     = 122909434                              {pd product} {ergonomic}
    uintx ReservedCodeCacheSize                    = 251658240                              {pd product} {ergonomic}
     bool SegmentedCodeCache                       = true                                      {product} {ergonomic}
     bool ShowCodeDetailsInExceptionMessages       = true                                   {manageable} {command line}
   size_t SoftMaxHeapSize                          = 1593835520                             {manageable} {ergonomic}
     bool UseCompressedClassPointers               = true                           {product lp64_product} {ergonomic}
     bool UseCompressedOops                        = true                           {product lp64_product} {ergonomic}
     bool UseG1GC                                  = true                                      {product} {ergonomic}
     bool UseLargePagesIndividualAllocation        = false                                  {pd product} {ergonomic}

Logging:
Log output configuration:
 #0: stdout all=warning uptime,level,tags
 #1: stderr all=off uptime,level,tags

Environment Variables:
PATH=C:/Program Files/Zulu/zulu-17/bin/server;C:/Program Files/Zulu/zulu-17/bin;C:\Program Files\Zulu\zulu-17\bin\;C:\Windows\system32;C:\Windows;C:\Windows\System32\Wbem;C:\Windows\System32\WindowsPowerShell\v1.0\;C:\Windows\System32\OpenSSH\;C:\Program Files\Git\cmd;C:\Users\2303896\AppData\Local\Microsoft\WindowsApps;;C:\Users\2303896\OneDrive - Cognizant\Desktop;
USERNAME=2303896
OS=Windows_NT
PROCESSOR_IDENTIFIER=AMD64 Family 23 Model 24 Stepping 1, AuthenticAMD



---------------  S Y S T E M  ---------------

OS:
 Windows 11 , 64 bit Build 22000 (10.0.22000.2600)
OS uptime: 4 days 0:39 hours
Hyper-V role detected

CPU: total 8 (initial active 8) (8 cores per cpu, 2 threads per core) family 23 model 24 stepping 1 microcode 0x0, cx8, cmov, fxsr, ht, mmx, 3dnowpref, sse, sse2, sse3, ssse3, sse4a, sse4.1, sse4.2, popcnt, lzcnt, tsc, tscinvbit, avx, avx2, aes, clmul, bmi1, bmi2, adx, sha, fma, vzeroupper, clflush, clflushopt, hv

Memory: 4k page, system-wide physical 6077M (279M free)
TotalPageFile size 22461M (AvailPageFile size 25M)
current process WorkingSet (physical memory assigned to process): 93M, peak: 93M
current process commit charge ("private bytes"): 202M, peak: 202M

vm_info: OpenJDK 64-Bit Server VM (17.0.2+8-LTS) for windows-amd64 JRE (17.0.2+8-LTS) (Zulu17.32+13-CA), built on Jan  8 2022 13:06:16 by "zulu_re" with MS VC++ 16.10 / 16.11 (VS2019)

END.
