#
# There is insufficient memory for the Java Runtime Environment to continue.
# Native memory allocation (malloc) failed to allocate 32744 bytes for ChunkPool::allocate
# Possible reasons:
#   The system is out of physical RAM or swap space
#   The process is running with CompressedOops enabled, and the Java Heap may be blocking the growth of the native heap
# Possible solutions:
#   Reduce memory load on the system
#   Increase physical memory or swap space
#   Check if swap backing store is full
#   Decrease Java heap size (-Xmx/-Xms)
#   Decrease number of Java threads
#   Decrease Java thread stack sizes (-Xss)
#   Set larger code cache with -XX:ReservedCodeCacheSize=
#   JVM is running with Unscaled Compressed Oops mode in which the Java heap is
#     placed in the first 4GB address space. The Java Heap base address is the
#     maximum limit for the native heap growth. Please use -XX:HeapBaseMinAddress
#     to set the Java Heap base and to place the Java Heap above 4GB virtual address.
# This output file may be truncated or incomplete.
#
#  Out of Memory Error (arena.cpp:78), pid=23840, tid=6096
#
# JRE version: OpenJDK Runtime Environment Zulu17.32+13-CA (17.0.2+8) (build 17.0.2+8-LTS)
# Java VM: OpenJDK 64-Bit Server VM Zulu17.32+13-CA (17.0.2+8-LTS, mixed mode, sharing, tiered, compressed oops, compressed class ptrs, g1 gc, windows-amd64)
# No core dump will be written. Minidumps are not enabled by default on client versions of Windows
#

---------------  S U M M A R Y ------------

Command Line: -Dfile.encoding=UTF-8 -XX:+ShowCodeDetailsInExceptionMessages firstcode.practiceexercise

Host: AMD Ryzen 5 PRO 3500U w/ Radeon Vega Mobile Gfx, 8 cores, 5G,  Windows 11 , 64 bit Build 22000 (10.0.22000.2600)
Time: Mon Nov 27 18:19:50 2023 India Standard Time elapsed time: 9.518440 seconds (0d 0h 0m 9s)

---------------  T H R E A D  ---------------

Current thread (0x000001b4d7ec31b0):  JavaThread "C2 CompilerThread0" daemon [_thread_in_native, id=6096, stack(0x00000057cd500000,0x00000057cd600000)]


Current CompileTask:
C2:   9518 1606       4       java.lang.invoke.MethodType::makeImpl (109 bytes)

Stack: [0x00000057cd500000,0x00000057cd600000]
Native frames: (J=compiled Java code, j=interpreted, Vv=VM code, C=native code)
V  [jvm.dll+0x6769fa]
V  [jvm.dll+0x831784]
V  [jvm.dll+0x832f2e]
V  [jvm.dll+0x833593]
V  [jvm.dll+0x2455e5]
V  [jvm.dll+0xac160]
V  [jvm.dll+0xac4ac]
V  [jvm.dll+0x60808f]
V  [jvm.dll+0x608f72]
V  [jvm.dll+0x6074d4]
V  [jvm.dll+0x2183a8]
V  [jvm.dll+0x217951]
V  [jvm.dll+0x1a3e2d]
V  [jvm.dll+0x2272d8]
V  [jvm.dll+0x22542c]
V  [jvm.dll+0x7e701c]
V  [jvm.dll+0x7e15ca]
V  [jvm.dll+0x675885]
C  [ucrtbase.dll+0x26c0c]
C  [KERNEL32.DLL+0x153e0]
C  [ntdll.dll+0x485b]


---------------  P R O C E S S  ---------------

Threads class SMR info:
_java_thread_list=0x000001b4d8b95450, length=25, elements={
0x000001b4bae380f0, 0x000001b4d7e9c630, 0x000001b4d7e9dcc0, 0x000001b4d7eb3690,
0x000001b4d7eb4f60, 0x000001b4d7eb5820, 0x000001b4d7ebe500, 0x000001b4d7ec31b0,
0x000001b4d7ec7870, 0x000001b4d7ed4960, 0x000001b4d89c3e20, 0x000001b4d89c5b00,
0x000001b4d89c47c0, 0x000001b4d89c4c90, 0x000001b4d89c5fd0, 0x000001b4d89c5630,
0x000001b4d89c64a0, 0x000001b4d89c3950, 0x000001b4d89c42f0, 0x000001b4d89c2fb0,
0x000001b4d89c3480, 0x000001b4d9099ef0, 0x000001b4d90986e0, 0x000001b4d9098210,
0x000001b4d9095b90
}

Java Threads: ( => current thread )
  0x000001b4bae380f0 JavaThread "Forwarding get on session cf4d7eeabc09e09dede08b34effa7788 to remote" [_thread_blocked, id=22164, stack(0x00000057cc800000,0x00000057cc900000)]
  0x000001b4d7e9c630 JavaThread "Reference Handler" daemon [_thread_blocked, id=26324, stack(0x00000057ccf00000,0x00000057cd000000)]
  0x000001b4d7e9dcc0 JavaThread "Finalizer" daemon [_thread_blocked, id=18428, stack(0x00000057cd000000,0x00000057cd100000)]
  0x000001b4d7eb3690 JavaThread "Signal Dispatcher" daemon [_thread_blocked, id=12664, stack(0x00000057cd100000,0x00000057cd200000)]
  0x000001b4d7eb4f60 JavaThread "Attach Listener" daemon [_thread_blocked, id=5624, stack(0x00000057cd200000,0x00000057cd300000)]
  0x000001b4d7eb5820 JavaThread "Service Thread" daemon [_thread_blocked, id=17060, stack(0x00000057cd300000,0x00000057cd400000)]
  0x000001b4d7ebe500 JavaThread "Monitor Deflation Thread" daemon [_thread_blocked, id=19856, stack(0x00000057cd400000,0x00000057cd500000)]
=>0x000001b4d7ec31b0 JavaThread "C2 CompilerThread0" daemon [_thread_in_native, id=6096, stack(0x00000057cd500000,0x00000057cd600000)]
  0x000001b4d7ec7870 JavaThread "C1 CompilerThread0" daemon [_thread_blocked, id=18116, stack(0x00000057cd600000,0x00000057cd700000)]
  0x000001b4d7ed4960 JavaThread "Sweeper thread" daemon [_thread_blocked, id=13600, stack(0x00000057cd700000,0x00000057cd800000)]
  0x000001b4d89c3e20 JavaThread "Notification Thread" daemon [_thread_blocked, id=22696, stack(0x00000057cd800000,0x00000057cd900000)]
  0x000001b4d89c5b00 JavaThread "Common-Cleaner" daemon [_thread_blocked, id=5116, stack(0x00000057cda00000,0x00000057cdb00000)]
  0x000001b4d89c47c0 JavaThread "ForkJoinPool.commonPool-worker-1" daemon [_thread_blocked, id=33384, stack(0x00000057cdc00000,0x00000057cdd00000)]
  0x000001b4d89c4c90 JavaThread "HttpClient-1-SelectorManager" daemon [_thread_in_native, id=23708, stack(0x00000057cdd00000,0x00000057cde00000)]
  0x000001b4d89c5fd0 JavaThread "Thread-2" [_thread_in_native, id=14340, stack(0x00000057cde00000,0x00000057cdf00000)]
  0x000001b4d89c5630 JavaThread "Driver Service Executor" daemon [_thread_blocked, id=6672, stack(0x00000057cdf00000,0x00000057ce000000)]
  0x000001b4d89c64a0 JavaThread "Driver Service Executor" daemon [_thread_in_native, id=8692, stack(0x00000057ce000000,0x00000057ce100000)]
  0x000001b4d89c3950 JavaThread "UrlChecker-2" daemon [_thread_blocked, id=29612, stack(0x00000057ce100000,0x00000057ce200000)]
  0x000001b4d89c42f0 JavaThread "pool-1-thread-1" [_thread_blocked, id=30304, stack(0x00000057ceb00000,0x00000057cec00000)]
  0x000001b4d89c2fb0 JavaThread "pool-1-thread-2" [_thread_blocked, id=16716, stack(0x00000057cec00000,0x00000057ced00000)]
  0x000001b4d89c3480 JavaThread "pool-1-thread-3" [_thread_blocked, id=10224, stack(0x00000057ced00000,0x00000057cee00000)]
  0x000001b4d9099ef0 JavaThread "HttpClient-2-SelectorManager" daemon [_thread_in_native, id=14172, stack(0x00000057cee00000,0x00000057cef00000)]
  0x000001b4d90986e0 JavaThread "pool-2-thread-1" [_thread_blocked, id=5324, stack(0x00000057cef00000,0x00000057cf000000)]
  0x000001b4d9098210 JavaThread "pool-2-thread-2" [_thread_blocked, id=28928, stack(0x00000057cf000000,0x00000057cf100000)]
  0x000001b4d9095b90 JavaThread "pool-2-thread-3" [_thread_blocked, id=17104, stack(0x00000057cf100000,0x00000057cf200000)]

Other Threads:
  0x000001b4d7e98ea0 VMThread "VM Thread" [stack: 0x00000057cce00000,0x00000057ccf00000] [id=22776]
  0x000001b4baed4f00 WatcherThread [stack: 0x00000057cd900000,0x00000057cda00000] [id=25728]
  0x000001b4bae6f5c0 GCTaskThread "GC Thread#0" [stack: 0x00000057cc900000,0x00000057cca00000] [id=26684]
  0x000001b4d92ca1a0 GCTaskThread "GC Thread#1" [stack: 0x00000057ce400000,0x00000057ce500000] [id=32840]
  0x000001b4d92c6c40 GCTaskThread "GC Thread#2" [stack: 0x00000057ce500000,0x00000057ce600000] [id=2300]
  0x000001b4d92c6ef0 GCTaskThread "GC Thread#3" [stack: 0x00000057ce600000,0x00000057ce700000] [id=21920]
  0x000001b4d930a680 GCTaskThread "GC Thread#4" [stack: 0x00000057ce700000,0x00000057ce800000] [id=30132]
  0x000001b4d930a930 GCTaskThread "GC Thread#5" [stack: 0x00000057ce800000,0x00000057ce900000] [id=30652]
  0x000001b4d930cbf0 GCTaskThread "GC Thread#6" [stack: 0x00000057ce900000,0x00000057cea00000] [id=17756]
  0x000001b4d930d8c0 GCTaskThread "GC Thread#7" [stack: 0x00000057cea00000,0x00000057ceb00000] [id=2280]
  0x000001b4bae7c200 ConcurrentGCThread "G1 Main Marker" [stack: 0x00000057cca00000,0x00000057ccb00000] [id=11972]
  0x000001b4bae7cb10 ConcurrentGCThread "G1 Conc#0" [stack: 0x00000057ccb00000,0x00000057ccc00000] [id=31508]
  0x000001b4baef4010 ConcurrentGCThread "G1 Refine#0" [stack: 0x00000057ccc00000,0x00000057ccd00000] [id=33000]
  0x000001b4baef4930 ConcurrentGCThread "G1 Service" [stack: 0x00000057ccd00000,0x00000057cce00000] [id=12876]

Threads with active compile tasks:
C2 CompilerThread0     9667 1606       4       java.lang.invoke.MethodType::makeImpl (109 bytes)

VM state: not at safepoint (normal execution)

VM Mutex/Monitor currently owned by a thread: None

Heap address: 0x00000000a1000000, size: 1520 MB, Compressed Oops mode: 32-bit

CDS archive(s) mapped at: [0x0000000800000000-0x0000000800bc0000-0x0000000800bc0000), size 12320768, SharedBaseAddress: 0x0000000800000000, ArchiveRelocationMode: 0.
Compressed class space mapped at: 0x0000000800c00000-0x0000000840c00000, reserved size: 1073741824
Narrow klass base: 0x0000000800000000, Narrow klass shift: 0, Narrow klass range: 0x100000000

GC Precious Log:
 CPUs: 8 total, 8 available
 Memory: 6077M
 Large Page Support: Disabled
 NUMA Support: Disabled
 Compressed Oops: Enabled (32-bit)
 Heap Region Size: 1M
 Heap Min Capacity: 8M
 Heap Initial Capacity: 96M
 Heap Max Capacity: 1520M
 Pre-touch: Disabled
 Parallel Workers: 8
 Concurrent Workers: 2
 Concurrent Refinement Workers: 8
 Periodic GC: Disabled

Heap:
 garbage-first heap   total 98304K, used 19394K [0x00000000a1000000, 0x0000000100000000)
  region size 1024K, 18 young (18432K), 3 survivors (3072K)
 Metaspace       used 12760K, committed 13056K, reserved 1064960K
  class space    used 1573K, committed 1728K, reserved 1048576K

Heap Regions: E=young(eden), S=young(survivor), O=old, HS=humongous(starts), HC=humongous(continues), CS=collection set, F=free, OA=open archive, CA=closed archive, TAMS=top-at-mark-start (previous, next)
|   0|0x00000000a1000000, 0x00000000a1100000, 0x00000000a1100000|100%| O|  |TAMS 0x00000000a1000000, 0x00000000a1000000| Untracked 
|   1|0x00000000a1100000, 0x00000000a11f0a00, 0x00000000a1200000| 93%| O|  |TAMS 0x00000000a1100000, 0x00000000a1100000| Untracked 
|   2|0x00000000a1200000, 0x00000000a1200000, 0x00000000a1300000|  0%| F|  |TAMS 0x00000000a1200000, 0x00000000a1200000| Untracked 
|   3|0x00000000a1300000, 0x00000000a1300000, 0x00000000a1400000|  0%| F|  |TAMS 0x00000000a1300000, 0x00000000a1300000| Untracked 
|   4|0x00000000a1400000, 0x00000000a1400000, 0x00000000a1500000|  0%| F|  |TAMS 0x00000000a1400000, 0x00000000a1400000| Untracked 
|   5|0x00000000a1500000, 0x00000000a1500000, 0x00000000a1600000|  0%| F|  |TAMS 0x00000000a1500000, 0x00000000a1500000| Untracked 
|   6|0x00000000a1600000, 0x00000000a1600000, 0x00000000a1700000|  0%| F|  |TAMS 0x00000000a1600000, 0x00000000a1600000| Untracked 
|   7|0x00000000a1700000, 0x00000000a1700000, 0x00000000a1800000|  0%| F|  |TAMS 0x00000000a1700000, 0x00000000a1700000| Untracked 
|   8|0x00000000a1800000, 0x00000000a1800000, 0x00000000a1900000|  0%| F|  |TAMS 0x00000000a1800000, 0x00000000a1800000| Untracked 
|   9|0x00000000a1900000, 0x00000000a1900000, 0x00000000a1a00000|  0%| F|  |TAMS 0x00000000a1900000, 0x00000000a1900000| Untracked 
|  10|0x00000000a1a00000, 0x00000000a1a00000, 0x00000000a1b00000|  0%| F|  |TAMS 0x00000000a1a00000, 0x00000000a1a00000| Untracked 
|  11|0x00000000a1b00000, 0x00000000a1b00000, 0x00000000a1c00000|  0%| F|  |TAMS 0x00000000a1b00000, 0x00000000a1b00000| Untracked 
|  12|0x00000000a1c00000, 0x00000000a1c00000, 0x00000000a1d00000|  0%| F|  |TAMS 0x00000000a1c00000, 0x00000000a1c00000| Untracked 
|  13|0x00000000a1d00000, 0x00000000a1d00000, 0x00000000a1e00000|  0%| F|  |TAMS 0x00000000a1d00000, 0x00000000a1d00000| Untracked 
|  14|0x00000000a1e00000, 0x00000000a1e00000, 0x00000000a1f00000|  0%| F|  |TAMS 0x00000000a1e00000, 0x00000000a1e00000| Untracked 
|  15|0x00000000a1f00000, 0x00000000a1f00000, 0x00000000a2000000|  0%| F|  |TAMS 0x00000000a1f00000, 0x00000000a1f00000| Untracked 
|  16|0x00000000a2000000, 0x00000000a2000000, 0x00000000a2100000|  0%| F|  |TAMS 0x00000000a2000000, 0x00000000a2000000| Untracked 
|  17|0x00000000a2100000, 0x00000000a2100000, 0x00000000a2200000|  0%| F|  |TAMS 0x00000000a2100000, 0x00000000a2100000| Untracked 
|  18|0x00000000a2200000, 0x00000000a2200000, 0x00000000a2300000|  0%| F|  |TAMS 0x00000000a2200000, 0x00000000a2200000| Untracked 
|  19|0x00000000a2300000, 0x00000000a2300000, 0x00000000a2400000|  0%| F|  |TAMS 0x00000000a2300000, 0x00000000a2300000| Untracked 
|  20|0x00000000a2400000, 0x00000000a2400000, 0x00000000a2500000|  0%| F|  |TAMS 0x00000000a2400000, 0x00000000a2400000| Untracked 
|  21|0x00000000a2500000, 0x00000000a2500000, 0x00000000a2600000|  0%| F|  |TAMS 0x00000000a2500000, 0x00000000a2500000| Untracked 
|  22|0x00000000a2600000, 0x00000000a2600000, 0x00000000a2700000|  0%| F|  |TAMS 0x00000000a2600000, 0x00000000a2600000| Untracked 
|  23|0x00000000a2700000, 0x00000000a2700000, 0x00000000a2800000|  0%| F|  |TAMS 0x00000000a2700000, 0x00000000a2700000| Untracked 
|  24|0x00000000a2800000, 0x00000000a2800000, 0x00000000a2900000|  0%| F|  |TAMS 0x00000000a2800000, 0x00000000a2800000| Untracked 
|  25|0x00000000a2900000, 0x00000000a2900000, 0x00000000a2a00000|  0%| F|  |TAMS 0x00000000a2900000, 0x00000000a2900000| Untracked 
|  26|0x00000000a2a00000, 0x00000000a2a00000, 0x00000000a2b00000|  0%| F|  |TAMS 0x00000000a2a00000, 0x00000000a2a00000| Untracked 
|  27|0x00000000a2b00000, 0x00000000a2b00000, 0x00000000a2c00000|  0%| F|  |TAMS 0x00000000a2b00000, 0x00000000a2b00000| Untracked 
|  28|0x00000000a2c00000, 0x00000000a2c00000, 0x00000000a2d00000|  0%| F|  |TAMS 0x00000000a2c00000, 0x00000000a2c00000| Untracked 
|  29|0x00000000a2d00000, 0x00000000a2d00000, 0x00000000a2e00000|  0%| F|  |TAMS 0x00000000a2d00000, 0x00000000a2d00000| Untracked 
|  30|0x00000000a2e00000, 0x00000000a2e00000, 0x00000000a2f00000|  0%| F|  |TAMS 0x00000000a2e00000, 0x00000000a2e00000| Untracked 
|  31|0x00000000a2f00000, 0x00000000a2f00000, 0x00000000a3000000|  0%| F|  |TAMS 0x00000000a2f00000, 0x00000000a2f00000| Untracked 
|  32|0x00000000a3000000, 0x00000000a3000000, 0x00000000a3100000|  0%| F|  |TAMS 0x00000000a3000000, 0x00000000a3000000| Untracked 
|  33|0x00000000a3100000, 0x00000000a3100000, 0x00000000a3200000|  0%| F|  |TAMS 0x00000000a3100000, 0x00000000a3100000| Untracked 
|  34|0x00000000a3200000, 0x00000000a3200000, 0x00000000a3300000|  0%| F|  |TAMS 0x00000000a3200000, 0x00000000a3200000| Untracked 
|  35|0x00000000a3300000, 0x00000000a3300000, 0x00000000a3400000|  0%| F|  |TAMS 0x00000000a3300000, 0x00000000a3300000| Untracked 
|  36|0x00000000a3400000, 0x00000000a3400000, 0x00000000a3500000|  0%| F|  |TAMS 0x00000000a3400000, 0x00000000a3400000| Untracked 
|  37|0x00000000a3500000, 0x00000000a3500000, 0x00000000a3600000|  0%| F|  |TAMS 0x00000000a3500000, 0x00000000a3500000| Untracked 
|  38|0x00000000a3600000, 0x00000000a3600000, 0x00000000a3700000|  0%| F|  |TAMS 0x00000000a3600000, 0x00000000a3600000| Untracked 
|  39|0x00000000a3700000, 0x00000000a3700000, 0x00000000a3800000|  0%| F|  |TAMS 0x00000000a3700000, 0x00000000a3700000| Untracked 
|  40|0x00000000a3800000, 0x00000000a3800000, 0x00000000a3900000|  0%| F|  |TAMS 0x00000000a3800000, 0x00000000a3800000| Untracked 
|  41|0x00000000a3900000, 0x00000000a3900000, 0x00000000a3a00000|  0%| F|  |TAMS 0x00000000a3900000, 0x00000000a3900000| Untracked 
|  42|0x00000000a3a00000, 0x00000000a3a00000, 0x00000000a3b00000|  0%| F|  |TAMS 0x00000000a3a00000, 0x00000000a3a00000| Untracked 
|  43|0x00000000a3b00000, 0x00000000a3b00000, 0x00000000a3c00000|  0%| F|  |TAMS 0x00000000a3b00000, 0x00000000a3b00000| Untracked 
|  44|0x00000000a3c00000, 0x00000000a3c00000, 0x00000000a3d00000|  0%| F|  |TAMS 0x00000000a3c00000, 0x00000000a3c00000| Untracked 
|  45|0x00000000a3d00000, 0x00000000a3d00000, 0x00000000a3e00000|  0%| F|  |TAMS 0x00000000a3d00000, 0x00000000a3d00000| Untracked 
|  46|0x00000000a3e00000, 0x00000000a3e00000, 0x00000000a3f00000|  0%| F|  |TAMS 0x00000000a3e00000, 0x00000000a3e00000| Untracked 
|  47|0x00000000a3f00000, 0x00000000a3f00000, 0x00000000a4000000|  0%| F|  |TAMS 0x00000000a3f00000, 0x00000000a3f00000| Untracked 
|  48|0x00000000a4000000, 0x00000000a4000000, 0x00000000a4100000|  0%| F|  |TAMS 0x00000000a4000000, 0x00000000a4000000| Untracked 
|  49|0x00000000a4100000, 0x00000000a4100000, 0x00000000a4200000|  0%| F|  |TAMS 0x00000000a4100000, 0x00000000a4100000| Untracked 
|  50|0x00000000a4200000, 0x00000000a4200000, 0x00000000a4300000|  0%| F|  |TAMS 0x00000000a4200000, 0x00000000a4200000| Untracked 
|  51|0x00000000a4300000, 0x00000000a4300000, 0x00000000a4400000|  0%| F|  |TAMS 0x00000000a4300000, 0x00000000a4300000| Untracked 
|  52|0x00000000a4400000, 0x00000000a4400000, 0x00000000a4500000|  0%| F|  |TAMS 0x00000000a4400000, 0x00000000a4400000| Untracked 
|  53|0x00000000a4500000, 0x00000000a4500000, 0x00000000a4600000|  0%| F|  |TAMS 0x00000000a4500000, 0x00000000a4500000| Untracked 
|  54|0x00000000a4600000, 0x00000000a4600000, 0x00000000a4700000|  0%| F|  |TAMS 0x00000000a4600000, 0x00000000a4600000| Untracked 
|  55|0x00000000a4700000, 0x00000000a4700000, 0x00000000a4800000|  0%| F|  |TAMS 0x00000000a4700000, 0x00000000a4700000| Untracked 
|  56|0x00000000a4800000, 0x00000000a4800000, 0x00000000a4900000|  0%| F|  |TAMS 0x00000000a4800000, 0x00000000a4800000| Untracked 
|  57|0x00000000a4900000, 0x00000000a4900000, 0x00000000a4a00000|  0%| F|  |TAMS 0x00000000a4900000, 0x00000000a4900000| Untracked 
|  58|0x00000000a4a00000, 0x00000000a4a00000, 0x00000000a4b00000|  0%| F|  |TAMS 0x00000000a4a00000, 0x00000000a4a00000| Untracked 
|  59|0x00000000a4b00000, 0x00000000a4b00000, 0x00000000a4c00000|  0%| F|  |TAMS 0x00000000a4b00000, 0x00000000a4b00000| Untracked 
|  60|0x00000000a4c00000, 0x00000000a4c00000, 0x00000000a4d00000|  0%| F|  |TAMS 0x00000000a4c00000, 0x00000000a4c00000| Untracked 
|  61|0x00000000a4d00000, 0x00000000a4d00000, 0x00000000a4e00000|  0%| F|  |TAMS 0x00000000a4d00000, 0x00000000a4d00000| Untracked 
|  62|0x00000000a4e00000, 0x00000000a4e00000, 0x00000000a4f00000|  0%| F|  |TAMS 0x00000000a4e00000, 0x00000000a4e00000| Untracked 
|  63|0x00000000a4f00000, 0x00000000a4f00000, 0x00000000a5000000|  0%| F|  |TAMS 0x00000000a4f00000, 0x00000000a4f00000| Untracked 
|  64|0x00000000a5000000, 0x00000000a5000000, 0x00000000a5100000|  0%| F|  |TAMS 0x00000000a5000000, 0x00000000a5000000| Untracked 
|  65|0x00000000a5100000, 0x00000000a5100000, 0x00000000a5200000|  0%| F|  |TAMS 0x00000000a5100000, 0x00000000a5100000| Untracked 
|  66|0x00000000a5200000, 0x00000000a5200000, 0x00000000a5300000|  0%| F|  |TAMS 0x00000000a5200000, 0x00000000a5200000| Untracked 
|  67|0x00000000a5300000, 0x00000000a5300000, 0x00000000a5400000|  0%| F|  |TAMS 0x00000000a5300000, 0x00000000a5300000| Untracked 
|  68|0x00000000a5400000, 0x00000000a5400000, 0x00000000a5500000|  0%| F|  |TAMS 0x00000000a5400000, 0x00000000a5400000| Untracked 
|  69|0x00000000a5500000, 0x00000000a5500000, 0x00000000a5600000|  0%| F|  |TAMS 0x00000000a5500000, 0x00000000a5500000| Untracked 
|  70|0x00000000a5600000, 0x00000000a5700000, 0x00000000a5700000|100%| S|CS|TAMS 0x00000000a5600000, 0x00000000a5600000| Complete 
|  71|0x00000000a5700000, 0x00000000a5800000, 0x00000000a5800000|100%| S|CS|TAMS 0x00000000a5700000, 0x00000000a5700000| Complete 
|  72|0x00000000a5800000, 0x00000000a5900000, 0x00000000a5900000|100%| S|CS|TAMS 0x00000000a5800000, 0x00000000a5800000| Complete 
|  73|0x00000000a5900000, 0x00000000a5900000, 0x00000000a5a00000|  0%| F|  |TAMS 0x00000000a5900000, 0x00000000a5900000| Untracked 
|  74|0x00000000a5a00000, 0x00000000a5a00000, 0x00000000a5b00000|  0%| F|  |TAMS 0x00000000a5a00000, 0x00000000a5a00000| Untracked 
|  75|0x00000000a5b00000, 0x00000000a5b00000, 0x00000000a5c00000|  0%| F|  |TAMS 0x00000000a5b00000, 0x00000000a5b00000| Untracked 
|  76|0x00000000a5c00000, 0x00000000a5c00000, 0x00000000a5d00000|  0%| F|  |TAMS 0x00000000a5c00000, 0x00000000a5c00000| Untracked 
|  77|0x00000000a5d00000, 0x00000000a5d00000, 0x00000000a5e00000|  0%| F|  |TAMS 0x00000000a5d00000, 0x00000000a5d00000| Untracked 
|  78|0x00000000a5e00000, 0x00000000a5e00000, 0x00000000a5f00000|  0%| F|  |TAMS 0x00000000a5e00000, 0x00000000a5e00000| Untracked 
|  79|0x00000000a5f00000, 0x00000000a5f00000, 0x00000000a6000000|  0%| F|  |TAMS 0x00000000a5f00000, 0x00000000a5f00000| Untracked 
|  80|0x00000000a6000000, 0x00000000a6000000, 0x00000000a6100000|  0%| F|  |TAMS 0x00000000a6000000, 0x00000000a6000000| Untracked 
|  81|0x00000000a6100000, 0x00000000a6200000, 0x00000000a6200000|100%| E|  |TAMS 0x00000000a6100000, 0x00000000a6100000| Complete 
|  82|0x00000000a6200000, 0x00000000a6300000, 0x00000000a6300000|100%| E|CS|TAMS 0x00000000a6200000, 0x00000000a6200000| Complete 
|  83|0x00000000a6300000, 0x00000000a6400000, 0x00000000a6400000|100%| E|CS|TAMS 0x00000000a6300000, 0x00000000a6300000| Complete 
|  84|0x00000000a6400000, 0x00000000a6500000, 0x00000000a6500000|100%| E|CS|TAMS 0x00000000a6400000, 0x00000000a6400000| Complete 
|  85|0x00000000a6500000, 0x00000000a6600000, 0x00000000a6600000|100%| E|CS|TAMS 0x00000000a6500000, 0x00000000a6500000| Complete 
|  86|0x00000000a6600000, 0x00000000a6700000, 0x00000000a6700000|100%| E|CS|TAMS 0x00000000a6600000, 0x00000000a6600000| Complete 
|  87|0x00000000a6700000, 0x00000000a6800000, 0x00000000a6800000|100%| E|CS|TAMS 0x00000000a6700000, 0x00000000a6700000| Complete 
|  88|0x00000000a6800000, 0x00000000a6900000, 0x00000000a6900000|100%| E|CS|TAMS 0x00000000a6800000, 0x00000000a6800000| Complete 
|  89|0x00000000a6900000, 0x00000000a6a00000, 0x00000000a6a00000|100%| E|CS|TAMS 0x00000000a6900000, 0x00000000a6900000| Complete 
|  90|0x00000000a6a00000, 0x00000000a6b00000, 0x00000000a6b00000|100%| E|CS|TAMS 0x00000000a6a00000, 0x00000000a6a00000| Complete 
|  91|0x00000000a6b00000, 0x00000000a6c00000, 0x00000000a6c00000|100%| E|CS|TAMS 0x00000000a6b00000, 0x00000000a6b00000| Complete 
|  92|0x00000000a6c00000, 0x00000000a6d00000, 0x00000000a6d00000|100%| E|CS|TAMS 0x00000000a6c00000, 0x00000000a6c00000| Complete 
|  93|0x00000000a6d00000, 0x00000000a6e00000, 0x00000000a6e00000|100%| E|CS|TAMS 0x00000000a6d00000, 0x00000000a6d00000| Complete 
|  94|0x00000000a6e00000, 0x00000000a6f00000, 0x00000000a6f00000|100%| E|CS|TAMS 0x00000000a6e00000, 0x00000000a6e00000| Complete 
|  95|0x00000000a6f00000, 0x00000000a7000000, 0x00000000a7000000|100%| E|CS|TAMS 0x00000000a6f00000, 0x00000000a6f00000| Complete 

Card table byte_map: [0x000001b4d1f30000,0x000001b4d2230000] _byte_map_base: 0x000001b4d1a28000

Marking Bits (Prev, Next): (CMBitMap*) 0x000001b4bae6fad0, (CMBitMap*) 0x000001b4bae6fb10
 Prev Bits: [0x000001b4d2530000, 0x000001b4d3cf0000)
 Next Bits: [0x000001b4d3cf0000, 0x000001b4d54b0000)

Polling page: 0x000001b4b8e00000

Metaspace:

Usage:
  Non-class:     10.93 MB used.
      Class:      1.54 MB used.
       Both:     12.46 MB used.

Virtual space:
  Non-class space:       16.00 MB reserved,      11.06 MB ( 69%) committed,  2 nodes.
      Class space:        1.00 GB reserved,       1.69 MB ( <1%) committed,  1 nodes.
             Both:        1.02 GB reserved,      12.75 MB (  1%) committed. 

Chunk freelists:
   Non-Class:  464.00 KB
       Class:  2.22 MB
        Both:  2.67 MB

MaxMetaspaceSize: unlimited
CompressedClassSpaceSize: 1.00 GB
Initial GC threshold: 21.00 MB
Current GC threshold: 21.00 MB
CDS: on
MetaspaceReclaimPolicy: balanced
 - commit_granule_bytes: 65536.
 - commit_granule_words: 8192.
 - virtual_space_node_default_size: 1048576.
 - enlarge_chunks_in_place: 1.
 - new_chunks_are_fully_committed: 0.
 - uncommit_free_chunks: 1.
 - use_allocation_guard: 0.
 - handle_deallocations: 1.


Internal statistics:

num_allocs_failed_limit: 0.
num_arena_births: 212.
num_arena_deaths: 0.
num_vsnodes_births: 3.
num_vsnodes_deaths: 0.
num_space_committed: 204.
num_space_uncommitted: 0.
num_chunks_returned_to_freelist: 0.
num_chunks_taken_from_freelist: 510.
num_chunk_merges: 0.
num_chunk_splits: 322.
num_chunks_enlarged: 224.
num_purges: 0.
num_inconsistent_stats: 0.

CodeHeap 'non-profiled nmethods': size=120000Kb used=555Kb max_used=555Kb free=119444Kb
 bounds [0x000001b4ca3d0000, 0x000001b4ca640000, 0x000001b4d1900000]
CodeHeap 'profiled nmethods': size=120000Kb used=3087Kb max_used=3087Kb free=116912Kb
 bounds [0x000001b4c2ea0000, 0x000001b4c31b0000, 0x000001b4ca3d0000]
CodeHeap 'non-nmethods': size=5760Kb used=1216Kb max_used=1229Kb free=4543Kb
 bounds [0x000001b4c2900000, 0x000001b4c2b70000, 0x000001b4c2ea0000]
 total_blobs=2182 nmethods=1668 adapters=426
 compilation: enabled
              stopped_count=0, restarted_count=0
 full_count=0

Compilation events (20 events):
Event: 9.382 Thread 0x000001b4d7ec7870 1663       1       com.google.common.collect.ImmutableEntry::getKey (5 bytes)
Event: 9.382 Thread 0x000001b4d7ec7870 nmethod 1663 0x000001b4ca45ab90 code [0x000001b4ca45ad20, 0x000001b4ca45adf8]
Event: 9.387 Thread 0x000001b4d7ec7870 1664       3       org.openqa.selenium.json.StaticInitializerCoercer$$Lambda$72/0x0000000800c22d68::test (8 bytes)
Event: 9.387 Thread 0x000001b4d7ec7870 nmethod 1664 0x000001b4c31a0690 code [0x000001b4c31a0840, 0x000001b4c31a0b78]
Event: 9.387 Thread 0x000001b4d7ec7870 1665       3       org.openqa.selenium.json.StaticInitializerCoercer::lambda$getMethods$1 (8 bytes)
Event: 9.388 Thread 0x000001b4d7ec7870 nmethod 1665 0x000001b4c31a0c90 code [0x000001b4c31a0e20, 0x000001b4c31a0ff8]
Event: 9.388 Thread 0x000001b4d7ec7870 1666       3       java.util.stream.Sink$ChainedReference::end (10 bytes)
Event: 9.388 Thread 0x000001b4d7ec7870 nmethod 1666 0x000001b4c31a1110 code [0x000001b4c31a12c0, 0x000001b4c31a1488]
Event: 9.388 Thread 0x000001b4d7ec7870 1667       3       java.util.Collections$UnmodifiableMap$UnmodifiableEntrySet$UnmodifiableEntry::<init> (16 bytes)
Event: 9.388 Thread 0x000001b4d7ec7870 nmethod 1667 0x000001b4c31a1590 code [0x000001b4c31a1760, 0x000001b4c31a1ba8]
Event: 9.388 Thread 0x000001b4d7ec7870 1669       3       java.util.stream.AbstractPipeline::<init> (91 bytes)
Event: 9.389 Thread 0x000001b4d7ec7870 nmethod 1669 0x000001b4c31a1d10 code [0x000001b4c31a1f00, 0x000001b4c31a2578]
Event: 9.389 Thread 0x000001b4d7ec7870 1670       3       java.util.ArrayList::clear (43 bytes)
Event: 9.390 Thread 0x000001b4d7ec7870 nmethod 1670 0x000001b4c31a2790 code [0x000001b4c31a2940, 0x000001b4c31a2cb8]
Event: 9.390 Thread 0x000001b4d7ec7870 1668       3       java.util.Collections$UnmodifiableMap$UnmodifiableEntrySet$UnmodifiableEntry::getKey (10 bytes)
Event: 9.390 Thread 0x000001b4d7ec7870 nmethod 1668 0x000001b4c31a2e10 code [0x000001b4c31a2fc0, 0x000001b4c31a3188]
Event: 9.390 Thread 0x000001b4d7ec7870 1671       3       java.util.concurrent.atomic.AtomicLong::incrementAndGet (14 bytes)
Event: 9.390 Thread 0x000001b4d7ec7870 nmethod 1671 0x000001b4c31a3290 code [0x000001b4c31a3420, 0x000001b4c31a3538]
Event: 9.390 Thread 0x000001b4d7ec7870 1672       3       java.lang.ThreadLocal::get (38 bytes)
Event: 9.391 Thread 0x000001b4d7ec7870 nmethod 1672 0x000001b4c31a3610 code [0x000001b4c31a37e0, 0x000001b4c31a3b18]

GC Heap History (2 events):
Event: 4.267 GC heap before
{Heap before GC invocations=0 (full 0):
 garbage-first heap   total 98304K, used 23552K [0x00000000a1000000, 0x0000000100000000)
  region size 1024K, 23 young (23552K), 0 survivors (0K)
 Metaspace       used 8720K, committed 8960K, reserved 1056768K
  class space    used 1021K, committed 1152K, reserved 1048576K
}
Event: 4.277 GC heap after
{Heap after GC invocations=1 (full 0):
 garbage-first heap   total 98304K, used 5058K [0x00000000a1000000, 0x0000000100000000)
  region size 1024K, 3 young (3072K), 3 survivors (3072K)
 Metaspace       used 8720K, committed 8960K, reserved 1056768K
  class space    used 1021K, committed 1152K, reserved 1048576K
}

Deoptimization events (20 events):
Event: 4.077 Thread 0x000001b4d89c3950 DEOPT PACKING pc=0x000001b4ca40d348 sp=0x00000057ce1fec80
Event: 4.077 Thread 0x000001b4d89c3950 DEOPT UNPACKING pc=0x000001b4c29523a3 sp=0x00000057ce1febf8 mode 2
Event: 4.676 Thread 0x000001b4d89c4c90 Uncommon trap: trap_request=0xffffffde fr.pc=0x000001b4ca44e72c relative=0x000000000000010c
Event: 4.676 Thread 0x000001b4d89c4c90 Uncommon trap: reason=class_check action=maybe_recompile pc=0x000001b4ca44e72c method=jdk.internal.misc.Unsafe.allocateUninitializedArray(Ljava/lang/Class;I)Ljava/lang/Object; @ 51 c2
Event: 4.676 Thread 0x000001b4d89c4c90 DEOPT PACKING pc=0x000001b4ca44e72c sp=0x00000057cddfe4e0
Event: 4.676 Thread 0x000001b4d89c4c90 DEOPT UNPACKING pc=0x000001b4c29523a3 sp=0x00000057cddfe468 mode 2
Event: 4.678 Thread 0x000001b4d89c42f0 Uncommon trap: trap_request=0xffffffde fr.pc=0x000001b4ca44e72c relative=0x000000000000010c
Event: 4.678 Thread 0x000001b4d89c42f0 Uncommon trap: reason=class_check action=maybe_recompile pc=0x000001b4ca44e72c method=jdk.internal.misc.Unsafe.allocateUninitializedArray(Ljava/lang/Class;I)Ljava/lang/Object; @ 51 c2
Event: 4.678 Thread 0x000001b4d89c42f0 DEOPT PACKING pc=0x000001b4ca44e72c sp=0x00000057cebfd210
Event: 4.679 Thread 0x000001b4d89c42f0 DEOPT UNPACKING pc=0x000001b4c29523a3 sp=0x00000057cebfd198 mode 2
Event: 4.684 Thread 0x000001b4d89c4c90 Uncommon trap: trap_request=0xffffffde fr.pc=0x000001b4ca44e72c relative=0x000000000000010c
Event: 4.684 Thread 0x000001b4d89c4c90 Uncommon trap: reason=class_check action=maybe_recompile pc=0x000001b4ca44e72c method=jdk.internal.misc.Unsafe.allocateUninitializedArray(Ljava/lang/Class;I)Ljava/lang/Object; @ 51 c2
Event: 4.684 Thread 0x000001b4d89c4c90 DEOPT PACKING pc=0x000001b4ca44e72c sp=0x00000057cddfd8b0
Event: 4.684 Thread 0x000001b4d89c4c90 DEOPT UNPACKING pc=0x000001b4c29523a3 sp=0x00000057cddfd838 mode 2
Event: 4.685 Thread 0x000001b4d89c2fb0 Uncommon trap: trap_request=0xffffffde fr.pc=0x000001b4ca44e72c relative=0x000000000000010c
Event: 4.685 Thread 0x000001b4d89c2fb0 Uncommon trap: reason=class_check action=maybe_recompile pc=0x000001b4ca44e72c method=jdk.internal.misc.Unsafe.allocateUninitializedArray(Ljava/lang/Class;I)Ljava/lang/Object; @ 51 c2
Event: 4.685 Thread 0x000001b4d89c2fb0 DEOPT PACKING pc=0x000001b4ca44e72c sp=0x00000057cecfdf80
Event: 4.685 Thread 0x000001b4d89c2fb0 DEOPT UNPACKING pc=0x000001b4c29523a3 sp=0x00000057cecfdf08 mode 2
Event: 9.334 Thread 0x000001b4bae380f0 DEOPT PACKING pc=0x000001b4c2ec92d6 sp=0x00000057cc8fe390
Event: 9.334 Thread 0x000001b4bae380f0 DEOPT UNPACKING pc=0x000001b4c2952b43 sp=0x00000057cc8fd830 mode 0

Classes unloaded (0 events):
No events

Classes redefined (0 events):
No events

Internal exceptions (20 events):
Event: 3.803 Thread 0x000001b4bae380f0 Exception <a 'java/lang/IncompatibleClassChangeError'{0x00000000a5a440d8}: Found class java.lang.Object, but interface was expected> (0x00000000a5a440d8) 
thrown [c:\jenkins\workspace\zulu17-build-win64\zulu-src.git\src\hotspot\share\interpreter\linkResolver.cpp, line 833]
Event: 3.807 Thread 0x000001b4bae380f0 Exception <a 'java/lang/NoSuchMethodError'{0x00000000a5a4c2d8}: 'int java.lang.invoke.DirectMethodHandle$Holder.invokeSpecialIFC(java.lang.Object, java.lang.Object, java.lang.Object, java.lang.Object)'> (0x00000000a5a4c2d8) 
thrown [c:\jenkins\workspace\zulu17-build-win64\zulu-src.git\src\hotspot\share\interpreter\linkResolver.cpp, line 766]
Event: 3.830 Thread 0x000001b4bae380f0 Exception <a 'java/lang/NoSuchMethodError'{0x00000000a5ac5c58}: 'java.lang.Object java.lang.invoke.DirectMethodHandle$Holder.invokeVirtual(java.lang.Object, java.lang.Object, java.lang.Object, java.lang.Object)'> (0x00000000a5ac5c58) 
thrown [c:\jenkins\workspace\zulu17-build-win64\zulu-src.git\src\hotspot\share\interpreter\linkResolver.cpp, line 766]
Event: 4.060 Thread 0x000001b4d89c3950 Exception <a 'java/net/ConnectException'{0x00000000a597e678}: Connection refused: no further information> (0x00000000a597e678) 
thrown [c:\jenkins\workspace\zulu17-build-win64\zulu-src.git\src\hotspot\share\prims\jni.cpp, line 535]
Event: 4.060 Thread 0x000001b4d89c3950 Exception <a 'java/net/SocketException'{0x00000000a597e9b0}: Socket is not connected: shutdown> (0x00000000a597e9b0) 
thrown [c:\jenkins\workspace\zulu17-build-win64\zulu-src.git\src\hotspot\share\prims\jni.cpp, line 535]
Event: 4.078 Thread 0x000001b4d89c3950 Exception <a 'java/net/ConnectException'{0x00000000a597f9a8}: Connection refused: no further information> (0x00000000a597f9a8) 
thrown [c:\jenkins\workspace\zulu17-build-win64\zulu-src.git\src\hotspot\share\prims\jni.cpp, line 535]
Event: 4.078 Thread 0x000001b4d89c3950 Exception <a 'java/net/SocketException'{0x00000000a597fce0}: Socket is not connected: shutdown> (0x00000000a597fce0) 
thrown [c:\jenkins\workspace\zulu17-build-win64\zulu-src.git\src\hotspot\share\prims\jni.cpp, line 535]
Event: 4.108 Thread 0x000001b4d89c3950 Exception <a 'java/net/ConnectException'{0x00000000a5980c08}: Connection refused: no further information> (0x00000000a5980c08) 
thrown [c:\jenkins\workspace\zulu17-build-win64\zulu-src.git\src\hotspot\share\prims\jni.cpp, line 535]
Event: 4.108 Thread 0x000001b4d89c3950 Exception <a 'java/net/SocketException'{0x00000000a5980f40}: Socket is not connected: shutdown> (0x00000000a5980f40) 
thrown [c:\jenkins\workspace\zulu17-build-win64\zulu-src.git\src\hotspot\share\prims\jni.cpp, line 535]
Event: 4.154 Thread 0x000001b4d89c3950 Exception <a 'java/net/ConnectException'{0x00000000a5981e68}: Connection refused: no further information> (0x00000000a5981e68) 
thrown [c:\jenkins\workspace\zulu17-build-win64\zulu-src.git\src\hotspot\share\prims\jni.cpp, line 535]
Event: 4.154 Thread 0x000001b4d89c3950 Exception <a 'java/net/SocketException'{0x00000000a59821a0}: Socket is not connected: shutdown> (0x00000000a59821a0) 
thrown [c:\jenkins\workspace\zulu17-build-win64\zulu-src.git\src\hotspot\share\prims\jni.cpp, line 535]
Event: 4.347 Thread 0x000001b4bae380f0 Exception <a 'java/lang/NoSuchMethodError'{0x00000000a6e6bcd0}: 'java.lang.Object java.lang.invoke.DirectMethodHandle$Holder.newInvokeSpecial(java.lang.Object, java.lang.Object, int, int)'> (0x00000000a6e6bcd0) 
thrown [c:\jenkins\workspace\zulu17-build-win64\zulu-src.git\src\hotspot\share\interpreter\linkResolver.cpp, line 766]
Event: 4.349 Thread 0x000001b4bae380f0 Exception <a 'java/lang/NoSuchMethodError'{0x00000000a6e76b30}: 'void java.lang.invoke.DirectMethodHandle$Holder.invokeStatic(java.lang.Object, java.lang.Object, int)'> (0x00000000a6e76b30) 
thrown [c:\jenkins\workspace\zulu17-build-win64\zulu-src.git\src\hotspot\share\interpreter\linkResolver.cpp, line 766]
Event: 4.401 Thread 0x000001b4bae380f0 Exception <a 'java/lang/NoSuchMethodError'{0x00000000a6d9bd60}: 'java.lang.Object java.lang.invoke.DirectMethodHandle$Holder.newInvokeSpecial(java.lang.Object, java.lang.Object, java.lang.Object, java.lang.Object, java.lang.Object)'> (0x00000000a6d9bd60) 
thrown [c:\jenkins\workspace\zulu17-build-win64\zulu-src.git\src\hotspot\share\interpreter\linkResolver.cpp, line 766]
Event: 4.533 Thread 0x000001b4bae380f0 Exception <a 'java/lang/NoSuchMethodError'{0x00000000a6a480c0}: 'void java.lang.invoke.DirectMethodHandle$Holder.invokeSpecial(java.lang.Object, java.lang.Object, java.lang.Object)'> (0x00000000a6a480c0) 
thrown [c:\jenkins\workspace\zulu17-build-win64\zulu-src.git\src\hotspot\share\interpreter\linkResolver.cpp, line 766]
Event: 4.607 Thread 0x000001b4d89c42f0 Exception <a 'java/lang/NoSuchMethodError'{0x00000000a698e7a0}: 'java.lang.Object java.lang.invoke.DirectMethodHandle$Holder.invokeSpecial(java.lang.Object, java.lang.Object, java.lang.Object, java.lang.Object, int)'> (0x00000000a698e7a0) 
thrown [c:\jenkins\workspace\zulu17-build-win64\zulu-src.git\src\hotspot\share\interpreter\linkResolver.cpp, line 766]
Event: 4.607 Thread 0x000001b4d89c42f0 Exception <a 'java/lang/NoSuchMethodError'{0x00000000a6992368}: 'java.lang.Object java.lang.invoke.Invokers$Holder.linkToTargetMethod(java.lang.Object, java.lang.Object, int, java.lang.Object)'> (0x00000000a6992368) 
thrown [c:\jenkins\workspace\zulu17-build-win64\zulu-src.git\src\hotspot\share\interpreter\linkResolver.cpp, line 766]
Event: 4.656 Thread 0x000001b4d89c42f0 Exception <a 'java/lang/NoSuchMethodError'{0x00000000a69e7d38}: 'void java.lang.invoke.DirectMethodHandle$Holder.invokeSpecial(java.lang.Object, java.lang.Object, java.lang.Object, java.lang.Object, java.lang.Object)'> (0x00000000a69e7d38) 
thrown [c:\jenkins\workspace\zulu17-build-win64\zulu-src.git\src\hotspot\share\interpreter\linkResolver.cpp, line 766]
Event: 8.874 Thread 0x000001b4d89c2fb0 Exception <a 'java/lang/NoSuchMethodError'{0x00000000a68cca18}: 'void java.lang.invoke.DirectMethodHandle$Holder.invokeSpecial(java.lang.Object, java.lang.Object, java.lang.Object, java.lang.Object, java.lang.Object, java.lang.Object, java.lang.Object)'> (0x00000000a68cca18) 
thrown [c:\jenkins\workspace\zulu17-build-win64\zulu-src.git\src\hotspot\share\interpreter\linkResolver.cpp, line 766]
Event: 9.060 Thread 0x000001b4bae380f0 Exception <a 'java/lang/NoSuchMethodError'{0x00000000a6686138}: 'java.lang.Object java.lang.invoke.DirectMethodHandle$Holder.invokeSpecialIFC(java.lang.Object, java.lang.Object, java.lang.Object)'> (0x00000000a6686138) 
thrown [c:\jenkins\workspace\zulu17-build-win64\zulu-src.git\src\hotspot\share\interpreter\linkResolver.cpp, line 766]

VM Operations (20 events):
Event: 3.070 Executing VM operation: HandshakeAllThreads
Event: 3.070 Executing VM operation: HandshakeAllThreads done
Event: 3.070 Executing VM operation: Cleanup
Event: 3.070 Executing VM operation: Cleanup done
Event: 3.175 Executing VM operation: HandshakeAllThreads
Event: 3.175 Executing VM operation: HandshakeAllThreads done
Event: 3.567 Executing VM operation: HandshakeAllThreads
Event: 3.567 Executing VM operation: HandshakeAllThreads done
Event: 4.255 Executing VM operation: HandshakeAllThreads
Event: 4.255 Executing VM operation: HandshakeAllThreads done
Event: 4.255 Executing VM operation: Cleanup
Event: 4.255 Executing VM operation: Cleanup done
Event: 4.258 Executing VM operation: HandshakeAllThreads
Event: 4.258 Executing VM operation: HandshakeAllThreads done
Event: 4.267 Executing VM operation: G1CollectForAllocation
Event: 4.277 Executing VM operation: G1CollectForAllocation done
Event: 5.278 Executing VM operation: Cleanup
Event: 5.278 Executing VM operation: Cleanup done
Event: 9.321 Executing VM operation: Cleanup
Event: 9.321 Executing VM operation: Cleanup done

Events (20 events):
Event: 9.208 Thread 0x000001b4d9095b90 Thread added: 0x000001b4d9095b90
Event: 9.219 loading class java/util/concurrent/locks/ReadWriteLock
Event: 9.219 loading class java/util/concurrent/locks/ReadWriteLock done
Event: 9.222 loading class java/util/concurrent/locks/ReentrantReadWriteLock
Event: 9.223 loading class java/util/concurrent/locks/ReentrantReadWriteLock done
Event: 9.223 loading class java/util/concurrent/locks/ReentrantReadWriteLock$FairSync
Event: 9.223 loading class java/util/concurrent/locks/ReentrantReadWriteLock$Sync
Event: 9.224 loading class java/util/concurrent/locks/ReentrantReadWriteLock$Sync done
Event: 9.224 loading class java/util/concurrent/locks/ReentrantReadWriteLock$FairSync done
Event: 9.224 loading class java/util/concurrent/locks/ReentrantReadWriteLock$Sync$ThreadLocalHoldCounter
Event: 9.224 loading class java/util/concurrent/locks/ReentrantReadWriteLock$Sync$ThreadLocalHoldCounter done
Event: 9.224 loading class java/util/concurrent/locks/ReentrantReadWriteLock$ReadLock
Event: 9.224 loading class java/util/concurrent/locks/ReentrantReadWriteLock$ReadLock done
Event: 9.224 loading class java/util/concurrent/locks/ReentrantReadWriteLock$WriteLock
Event: 9.225 loading class java/util/concurrent/locks/ReentrantReadWriteLock$WriteLock done
Event: 9.242 loading class sun/net/www/HeaderParser
Event: 9.243 loading class sun/net/www/HeaderParser done
Event: 9.274 Thread 0x000001b4d89c2ae0 Thread exited: 0x000001b4d89c2ae0
Event: 9.383 loading class java/util/ServiceConfigurationError
Event: 9.384 loading class java/util/ServiceConfigurationError done


Dynamic libraries:
0x00007ff6ac770000 - 0x00007ff6ac77e000 	C:\Program Files\Zulu\zulu-17\bin\javaw.exe
0x00007ffb2fb20000 - 0x00007ffb2fd29000 	C:\Windows\SYSTEM32\ntdll.dll
0x00007ffb2de00000 - 0x00007ffb2debd000 	C:\Windows\System32\KERNEL32.DLL
0x00007ffb2cfb0000 - 0x00007ffb2d335000 	C:\Windows\System32\KERNELBASE.dll
0x00007ffb2d7d0000 - 0x00007ffb2d8e1000 	C:\Windows\System32\ucrtbase.dll
0x00007ffb16cb0000 - 0x00007ffb16cc8000 	C:\Program Files\Zulu\zulu-17\bin\jli.dll
0x00007ffb16cd0000 - 0x00007ffb16ceb000 	C:\Program Files\Zulu\zulu-17\bin\VCRUNTIME140.dll
0x00007ffb2ee60000 - 0x00007ffb2f00d000 	C:\Windows\System32\USER32.dll
0x00007ffb14300000 - 0x00007ffb145a5000 	C:\Windows\WinSxS\amd64_microsoft.windows.common-controls_6595b64144ccf1df_6.0.22000.2600_none_1b65155c6ae217ae\COMCTL32.dll
0x00007ffb2d630000 - 0x00007ffb2d656000 	C:\Windows\System32\win32u.dll
0x00007ffb2f5d0000 - 0x00007ffb2f673000 	C:\Windows\System32\msvcrt.dll
0x00007ffb2fa00000 - 0x00007ffb2fa2a000 	C:\Windows\System32\GDI32.dll
0x00007ffb2d510000 - 0x00007ffb2d62e000 	C:\Windows\System32\gdi32full.dll
0x00007ffb2d3b0000 - 0x00007ffb2d44d000 	C:\Windows\System32\msvcp_win.dll
0x00007ffb2ddc0000 - 0x00007ffb2ddf1000 	C:\Windows\System32\IMM32.DLL
0x00007ffb2ccc0000 - 0x00007ffb2ce60000 	C:\Program Files\Avecto\Privilege Guard Client\PGHook.dll
0x00007ffb2f3a0000 - 0x00007ffb2f450000 	C:\Windows\System32\ADVAPI32.dll
0x00007ffb2f210000 - 0x00007ffb2f2ae000 	C:\Windows\System32\sechost.dll
0x00007ffb2ecb0000 - 0x00007ffb2edd2000 	C:\Windows\System32\RPCRT4.dll
0x00007ffb23ad0000 - 0x00007ffb23adc000 	C:\Program Files\Zulu\zulu-17\bin\vcruntime140_1.dll
0x00007ffadafa0000 - 0x00007ffadb02d000 	C:\Program Files\Zulu\zulu-17\bin\msvcp140.dll
0x00007ffad26f0000 - 0x00007ffad3350000 	C:\Program Files\Zulu\zulu-17\bin\server\jvm.dll
0x00007ffb2eca0000 - 0x00007ffb2eca8000 	C:\Windows\System32\PSAPI.DLL
0x00007ffb0c4d0000 - 0x00007ffb0c4d9000 	C:\Windows\SYSTEM32\WSOCK32.dll
0x00007ffb2ec30000 - 0x00007ffb2ec9f000 	C:\Windows\System32\WS2_32.dll
0x00007ffb237f0000 - 0x00007ffb23823000 	C:\Windows\SYSTEM32\WINMM.dll
0x00007ffb229e0000 - 0x00007ffb229ea000 	C:\Windows\SYSTEM32\VERSION.dll
0x00007ffb2bd30000 - 0x00007ffb2bd48000 	C:\Windows\SYSTEM32\kernel.appcore.dll
0x00007ffb28280000 - 0x00007ffb2828a000 	C:\Program Files\Zulu\zulu-17\bin\jimage.dll
0x00007ffb2a420000 - 0x00007ffb2a641000 	C:\Windows\SYSTEM32\DBGHELP.DLL
0x00007ffb0cae0000 - 0x00007ffb0cb11000 	C:\Windows\SYSTEM32\dbgcore.DLL
0x00007ffb2d8f0000 - 0x00007ffb2d96f000 	C:\Windows\System32\bcryptPrimitives.dll
0x00007ffb0e0b0000 - 0x00007ffb0e0d5000 	C:\Program Files\Zulu\zulu-17\bin\java.dll
0x00007ffae4d90000 - 0x00007ffae4e67000 	C:\Program Files\Zulu\zulu-17\bin\jsvml.dll
0x00007ffb2e460000 - 0x00007ffb2ec25000 	C:\Windows\System32\SHELL32.dll
0x00007ffb2abd0000 - 0x00007ffb2b432000 	C:\Windows\SYSTEM32\windows.storage.dll
0x00007ffb2f680000 - 0x00007ffb2f9f6000 	C:\Windows\System32\combase.dll
0x00007ffb2aa60000 - 0x00007ffb2abc7000 	C:\Windows\SYSTEM32\wintypes.dll
0x00007ffb2f2b0000 - 0x00007ffb2f39a000 	C:\Windows\System32\SHCORE.dll
0x00007ffb2f010000 - 0x00007ffb2f06d000 	C:\Windows\System32\shlwapi.dll
0x00007ffb2cee0000 - 0x00007ffb2cf05000 	C:\Windows\SYSTEM32\profapi.dll
0x00007ffb28270000 - 0x00007ffb28280000 	C:\Program Files\Zulu\zulu-17\bin\verify.dll
0x00007ffb17d20000 - 0x00007ffb17d39000 	C:\Program Files\Zulu\zulu-17\bin\net.dll
0x00007ffb2bd50000 - 0x00007ffb2be64000 	C:\Windows\SYSTEM32\WINHTTP.dll
0x00007ffb2c2e0000 - 0x00007ffb2c347000 	C:\Windows\system32\mswsock.dll
0x00007ffb13c60000 - 0x00007ffb13c76000 	C:\Program Files\Zulu\zulu-17\bin\nio.dll
0x00007ffb127d0000 - 0x00007ffb127e8000 	C:\Program Files\Zulu\zulu-17\bin\zip.dll
0x00007ffb2b6b0000 - 0x00007ffb2b797000 	C:\Windows\SYSTEM32\DNSAPI.dll
0x00007ffb2b680000 - 0x00007ffb2b6ad000 	C:\Windows\SYSTEM32\IPHLPAPI.DLL
0x00007ffb2def0000 - 0x00007ffb2def9000 	C:\Windows\System32\NSI.dll
0x00007ffb149e0000 - 0x00007ffb149ea000 	C:\Windows\System32\rasadhlp.dll
0x00007ffb21870000 - 0x00007ffb218f1000 	C:\Windows\System32\fwpuclnt.dll
0x00007ffb2c5b0000 - 0x00007ffb2c5c8000 	C:\Windows\SYSTEM32\CRYPTSP.dll
0x00007ffb2bc90000 - 0x00007ffb2bcc5000 	C:\Windows\system32\rsaenh.dll
0x00007ffb2c380000 - 0x00007ffb2c3ac000 	C:\Windows\SYSTEM32\USERENV.dll
0x00007ffb2c760000 - 0x00007ffb2c787000 	C:\Windows\SYSTEM32\bcrypt.dll
0x00007ffb2c590000 - 0x00007ffb2c59c000 	C:\Windows\SYSTEM32\CRYPTBASE.dll
0x00007ffb20710000 - 0x00007ffb20729000 	C:\Windows\SYSTEM32\dhcpcsvc6.DLL
0x00007ffb20870000 - 0x00007ffb2088e000 	C:\Windows\SYSTEM32\dhcpcsvc.DLL
0x00007ffb1a960000 - 0x00007ffb1a96d000 	C:\Program Files\Zulu\zulu-17\bin\sunmscapi.dll
0x00007ffb2d660000 - 0x00007ffb2d7c2000 	C:\Windows\System32\CRYPT32.dll
0x00007ffb2c730000 - 0x00007ffb2c758000 	C:\Windows\SYSTEM32\ncrypt.dll
0x00007ffb2c6f0000 - 0x00007ffb2c727000 	C:\Windows\SYSTEM32\NTASN1.dll
0x00007ffb226c0000 - 0x00007ffb226c8000 	C:\Windows\system32\wshunix.dll

dbghelp: loaded successfully - version: 4.0.5 - missing functions: none
symbol engine: initialized successfully - sym options: 0x614 - pdb path: .;C:\Program Files\Zulu\zulu-17\bin;C:\Windows\SYSTEM32;C:\Windows\WinSxS\amd64_microsoft.windows.common-controls_6595b64144ccf1df_6.0.22000.2600_none_1b65155c6ae217ae;C:\Program Files\Avecto\Privilege Guard Client;C:\Program Files\Zulu\zulu-17\bin\server

VM Arguments:
jvm_args: -Dfile.encoding=UTF-8 -XX:+ShowCodeDetailsInExceptionMessages 
java_command: firstcode.practiceexercise
java_class_path (initial): C:\Users\2303896\eclipse-workspace\firstcode\target\test-classes;C:\Users\2303896\eclipse-workspace\firstcode\target\classes;C:\Users\2303896\.m2\repository\org\seleniumhq\selenium\selenium-java\4.15.0\selenium-java-4.15.0.jar;C:\Users\2303896\.m2\repository\org\seleniumhq\selenium\selenium-api\4.15.0\selenium-api-4.15.0.jar;C:\Users\2303896\.m2\repository\org\seleniumhq\selenium\selenium-chrome-driver\4.15.0\selenium-chrome-driver-4.15.0.jar;C:\Users\2303896\.m2\repository\com\google\auto\service\auto-service-annotations\1.1.1\auto-service-annotations-1.1.1.jar;C:\Users\2303896\.m2\repository\org\seleniumhq\selenium\selenium-chromium-driver\4.15.0\selenium-chromium-driver-4.15.0.jar;C:\Users\2303896\.m2\repository\org\seleniumhq\selenium\selenium-json\4.15.0\selenium-json-4.15.0.jar;C:\Users\2303896\.m2\repository\org\seleniumhq\selenium\selenium-manager\4.15.0\selenium-manager-4.15.0.jar;C:\Users\2303896\.m2\repository\org\seleniumhq\selenium\selenium-devtools-v117\4.15.0\selenium-devtools-v117-4.15.0.jar;C:\Users\2303896\.m2\repository\org\seleniumhq\selenium\selenium-devtools-v118\4.15.0\selenium-devtools-v118-4.15.0.jar;C:\Users\2303896\.m2\repository\org\seleniumhq\selenium\selenium-devtools-v119\4.15.0\selenium-devtools-v119-4.15.0.jar;C:\Users\2303896\.m2\repository\org\seleniumhq\selenium\selenium-devtools-v85\4.15.0\selenium-devtools-v85-4.15.0.jar;C:\Users\2303896\.m2\repository\org\seleniumhq\selenium\selenium-edge-driver\4.15.0\selenium-edge-driver-4.15.0.jar;C:\Users\2303896\.m2\repository\org\seleniumhq\selenium\selenium-firefox-driver\4.15.0\selenium-firefox-driver-4.15.0.jar;C:\Users\2303896\.m2\repository\org\seleniumhq\selenium\selenium-http\4.15.0\selenium-http-4.15.0.jar;C:\Users\2303896\.m2\repository\dev\failsafe\failsafe\3.3.2\failsafe-3.3.2.jar;C:\Users\2303896\.m2\repository\org\seleniumhq\selenium\selenium-ie-driver\4.15.0\selenium-ie-driver-4.15.0.jar;C:\Users\2303896\.m2\repository\org\seleniumhq\selenium\sel
Launcher Type: SUN_STANDARD

[Global flags]
     intx CICompilerCount                          = 4                                         {product} {ergonomic}
     uint ConcGCThreads                            = 2                                         {product} {ergonomic}
     uint G1ConcRefinementThreads                  = 8                                         {product} {ergonomic}
   size_t G1HeapRegionSize                         = 1048576                                   {product} {ergonomic}
    uintx GCDrainStackTargetSize                   = 64                                        {product} {ergonomic}
   size_t InitialHeapSize                          = 100663296                                 {product} {ergonomic}
   size_t MarkStackSize                            = 4194304                                   {product} {ergonomic}
   size_t MaxHeapSize                              = 1593835520                                {product} {ergonomic}
   size_t MaxNewSize                               = 956301312                                 {product} {ergonomic}
   size_t MinHeapDeltaBytes                        = 1048576                                   {product} {ergonomic}
   size_t MinHeapSize                              = 8388608                                   {product} {ergonomic}
    uintx NonNMethodCodeHeapSize                   = 5839372                                {pd product} {ergonomic}
    uintx NonProfiledCodeHeapSize                  = 122909434                              {pd product} {ergonomic}
    uintx ProfiledCodeHeapSize                     = 122909434                              {pd product} {ergonomic}
    uintx ReservedCodeCacheSize                    = 251658240                              {pd product} {ergonomic}
     bool SegmentedCodeCache                       = true                                      {product} {ergonomic}
     bool ShowCodeDetailsInExceptionMessages       = true                                   {manageable} {command line}
   size_t SoftMaxHeapSize                          = 1593835520                             {manageable} {ergonomic}
     bool UseCompressedClassPointers               = true                           {product lp64_product} {ergonomic}
     bool UseCompressedOops                        = true                           {product lp64_product} {ergonomic}
     bool UseG1GC                                  = true                                      {product} {ergonomic}
     bool UseLargePagesIndividualAllocation        = false                                  {pd product} {ergonomic}

Logging:
Log output configuration:
 #0: stdout all=warning uptime,level,tags
 #1: stderr all=off uptime,level,tags

Environment Variables:
PATH=C:/Program Files/Zulu/zulu-17/bin/server;C:/Program Files/Zulu/zulu-17/bin;C:\Program Files\Zulu\zulu-17\bin\;C:\Windows\system32;C:\Windows;C:\Windows\System32\Wbem;C:\Windows\System32\WindowsPowerShell\v1.0\;C:\Windows\System32\OpenSSH\;C:\Program Files\Git\cmd;C:\Users\2303896\AppData\Local\Microsoft\WindowsApps;;C:\Users\2303896\OneDrive - Cognizant\Desktop;
USERNAME=2303896
OS=Windows_NT
PROCESSOR_IDENTIFIER=AMD64 Family 23 Model 24 Stepping 1, AuthenticAMD



---------------  S Y S T E M  ---------------

OS:
 Windows 11 , 64 bit Build 22000 (10.0.22000.2600)
OS uptime: 4 days 0:40 hours
Hyper-V role detected

CPU: total 8 (initial active 8) (8 cores per cpu, 2 threads per core) family 23 model 24 stepping 1 microcode 0x0, cx8, cmov, fxsr, ht, mmx, 3dnowpref, sse, sse2, sse3, ssse3, sse4a, sse4.1, sse4.2, popcnt, lzcnt, tsc, tscinvbit, avx, avx2, aes, clmul, bmi1, bmi2, adx, sha, fma, vzeroupper, clflush, clflushopt, hv

Memory: 4k page, system-wide physical 6077M (421M free)
TotalPageFile size 22461M (AvailPageFile size 8M)
current process WorkingSet (physical memory assigned to process): 96M, peak: 97M
current process commit charge ("private bytes"): 207M, peak: 208M

vm_info: OpenJDK 64-Bit Server VM (17.0.2+8-LTS) for windows-amd64 JRE (17.0.2+8-LTS) (Zulu17.32+13-CA), built on Jan  8 2022 13:06:16 by "zulu_re" with MS VC++ 16.10 / 16.11 (VS2019)

END.
